#
# A fatal error has been detected by the Java Runtime Environment:
#
#  EXCEPTION_ACCESS_VIOLATION (0xc0000005) at pc=0x00000000718ca070, pid=8692, tid=0x0000000000002c74
#
# JRE version: OpenJDK Runtime Environment (8.0_112-b06) (build 1.8.0_112-release-b06)
# Java VM: OpenJDK 64-Bit Server VM (25.112-b06 mixed mode windows-amd64 compressed oops)
# Problematic frame:
# V  [jvm.dll+0x8a070]
#
# Failed to write core dump. Minidumps are not enabled by default on client versions of Windows
#
# If you would like to submit a bug report, please visit:
#   http://bugreport.java.com/bugreport/crash.jsp
#

---------------  T H R E A D  ---------------

Current thread (0x0000000004d4b000):  GCTaskThread [stack: 0x0000000014e20000,0x0000000014f20000] [id=11380]

siginfo: ExceptionCode=0xc0000005, reading address 0x00000001029af388

Registers:
RAX=0x0000000000000001, RBX=0x00000000eb715d28, RCX=0x00000000eb715d28, RDX=0x00000001029af380
RSP=0x0000000014f1f408, RBP=0x0000000014727481, RSI=0x0000000004e1b100, RDI=0x00000000a2e8d2a8
R8 =0x0000000004e1b100, R9 =0x0000000000000044, R10=0x0000000000000008, R11=0x00000000efa33678
R12=0x0000000014727468, R13=0x0000000000000005, R14=0x0000000000000000, R15=0x0000000004d3c880
RIP=0x00000000718ca070, EFLAGS=0x0000000000010202

Top of Stack: (sp=0x0000000014f1f408)
0x0000000014f1f408:   0000000071c0ac22 00000000eb715d40
0x0000000014f1f418:   0000000000000004 0000000004e1b100
0x0000000014f1f428:   00000000fa48fe04 00000000efa2b688
0x0000000014f1f438:   0000000000001000 00000000b3f206a8
0x0000000014f1f448:   0000000000000400 0000000000000000
0x0000000014f1f458:   0000000004e1b100 0000000014727468
0x0000000014f1f468:   0000000071c0af90 00000000efa2cd18
0x0000000014f1f478:   0000000014727481 0000000004e1b100
0x0000000014f1f488:   00000000a2e8d2a8 00000000efa2cd18
0x0000000014f1f498:   0000000071c0bb35 00000000ec2aa7a0
0x0000000014f1f4a8:   0000000014727481 0000000004e1b100
0x0000000014f1f4b8:   0000000000000003 0000000004e1b100
0x0000000014f1f4c8:   0000000004e1b100 00000000a18c577c
0x0000000014f1f4d8:   000000007192ed77 0000000004e1b100
0x0000000014f1f4e8:   000000007192cf83 00000000a22ca0e1
0x0000000014f1f4f8:   00000000a22ca0e1 00000000a2e8d038 

Instructions: (pc=0x00000000718ca070)
0x00000000718ca050:   1c 42 1d 00 48 8b 9c 24 c0 00 00 00 48 81 c4 b0
0x00000000718ca060:   00 00 00 5d c3 cc cc cc cc cc cc cc cc cc cc cc
0x00000000718ca070:   44 8b 42 08 4c 8b ca 45 85 c0 7e 0e 41 f6 c0 01
0x00000000718ca080:   75 57 41 c1 f8 03 41 8b c0 c3 79 4d 80 3d de d7 


Register to memory mapping:

RAX=0x0000000000000001 is an unknown value
RBX=0x00000000eb715d28 is an oop

[error occurred during error reporting (printing register info), id 0xc0000005]

Stack: [0x0000000014e20000,0x0000000014f20000],  sp=0x0000000014f1f408,  free space=1021k
Native frames: (J=compiled Java code, j=interpreted, Vv=VM code, C=native code)
V  [jvm.dll+0x8a070]


---------------  P R O C E S S  ---------------

Java Threads: ( => current thread )
  0x000000001d14e000 JavaThread "Task worker for ':' Thread 3" [_thread_blocked, id=12076, stack(0x0000000030100000,0x0000000030200000)]
  0x000000001ecc6000 JavaThread "Task worker for ':' Thread 2" [_thread_blocked, id=11300, stack(0x0000000030000000,0x0000000030100000)]
  0x000000001ecc5800 JavaThread "Task worker for ':'" [_thread_blocked, id=1344, stack(0x000000002ff00000,0x0000000030000000)]
  0x000000001ecc2800 JavaThread "Cache worker for task history cache (E:\app\MyApplication\.gradle\4.1\taskHistory)" [_thread_blocked, id=7736, stack(0x000000002fe00000,0x000000002ff00000)]
  0x000000001ecbb000 JavaThread "Cache worker for file content cache (E:\app\MyApplication\.gradle\4.1\fileContent)" [_thread_blocked, id=968, stack(0x000000002fd00000,0x000000002fe00000)]
  0x000000001ecc3000 JavaThread "build operations Thread 4" [_thread_blocked, id=12248, stack(0x000000002fc00000,0x000000002fd00000)]
  0x000000001ecc4800 JavaThread "build operations Thread 3" [_thread_blocked, id=12168, stack(0x000000002fb00000,0x000000002fc00000)]
  0x000000001ecc7000 JavaThread "build operations Thread 2" [_thread_blocked, id=4112, stack(0x000000002fa00000,0x000000002fb00000)]
  0x000000001ecc1800 JavaThread "build operations" [_thread_blocked, id=12436, stack(0x000000002f900000,0x000000002fa00000)]
  0x000000001ecc4000 JavaThread "Cache worker for Artifact transforms cache (C:\Users\Administrator\.gradle\caches\transforms-1)" [_thread_blocked, id=12376, stack(0x000000002f600000,0x000000002f700000)]
  0x000000001ecc1000 JavaThread "Cache worker for file hash cache (E:\app\MyApplication\.gradle\4.1\fileHashes)" [_thread_blocked, id=3940, stack(0x000000002f500000,0x000000002f600000)]
  0x000000001ecb9800 JavaThread "Stdin handler" [_thread_blocked, id=10340, stack(0x000000002f400000,0x000000002f500000)]
  0x000000001ecbc800 JavaThread "Asynchronous log dispatcher for DefaultDaemonConnection: socket connection from /127.0.0.1:57050 to /127.0.0.1:57623" [_thread_blocked, id=12516, stack(0x000000002f300000,0x000000002f400000)]
  0x000000001ecbe800 JavaThread "Daemon worker Thread 3" [_thread_blocked, id=9680, stack(0x000000002f200000,0x000000002f300000)]
  0x000000001ecbd000 JavaThread "Cancel handler" [_thread_blocked, id=5176, stack(0x000000002f100000,0x000000002f200000)]
  0x000000001ecbb800 JavaThread "Handler for socket connection from /127.0.0.1:57050 to /127.0.0.1:57623" [_thread_in_native, id=13172, stack(0x000000002f000000,0x000000002f100000)]
  0x000000001ecc0000 JavaThread "Daemon Thread 3" [_thread_blocked, id=9332, stack(0x000000002ef00000,0x000000002f000000)]
  0x000000001d151000 JavaThread "Memory manager" [_thread_blocked, id=516, stack(0x0000000023fb0000,0x00000000240b0000)]
  0x000000001be57800 JavaThread "File lock request listener" [_thread_in_native, id=3268, stack(0x000000001e290000,0x000000001e390000)]
  0x000000001c26c800 JavaThread "Cache worker for file hash cache (C:\Users\Administrator\.gradle\caches\4.1\fileHashes)" [_thread_blocked, id=4316, stack(0x000000001df90000,0x000000001e090000)]
  0x000000001baee000 JavaThread "Daemon periodic checks" [_thread_blocked, id=7568, stack(0x000000001d690000,0x000000001d790000)]
  0x000000001b79c800 JavaThread "Incoming local TCP Connector on port 57050" [_thread_in_native, id=10684, stack(0x000000001c320000,0x000000001c420000)]
  0x000000001a071000 JavaThread "Service Thread" daemon [_thread_blocked, id=9572, stack(0x000000001a910000,0x000000001aa10000)]
  0x000000001a069800 JavaThread "C1 CompilerThread2" daemon [_thread_blocked, id=13284, stack(0x000000001a810000,0x000000001a910000)]
  0x000000001a064000 JavaThread "C2 CompilerThread1" daemon [_thread_blocked, id=5984, stack(0x000000001a710000,0x000000001a810000)]
  0x0000000018bcb800 JavaThread "C2 CompilerThread0" daemon [_thread_blocked, id=10892, stack(0x000000001a610000,0x000000001a710000)]
  0x0000000018bca000 JavaThread "Attach Listener" daemon [_thread_blocked, id=11880, stack(0x000000001a510000,0x000000001a610000)]
  0x000000001a018800 JavaThread "Signal Dispatcher" daemon [_thread_blocked, id=8832, stack(0x000000001a410000,0x000000001a510000)]
  0x0000000018ba8800 JavaThread "Finalizer" daemon [_thread_blocked, id=3852, stack(0x0000000019e10000,0x0000000019f10000)]
  0x0000000018b87000 JavaThread "Reference Handler" daemon [_thread_blocked, id=2776, stack(0x0000000019d10000,0x0000000019e10000)]
  0x0000000004d31000 JavaThread "main" [_thread_blocked, id=10528, stack(0x0000000003460000,0x0000000003560000)]

Other Threads:
  0x0000000018b84800 VMThread [stack: 0x0000000019c10000,0x0000000019d10000] [id=4212]
  0x000000001a072000 WatcherThread [stack: 0x000000001aa10000,0x000000001ab10000] [id=9628]

=>0x0000000004d4b000 (exited) GCTaskThread [stack: 0x0000000014e20000,0x0000000014f20000] [id=11380]

VM state:at safepoint (normal execution)

VM Mutex/Monitor currently owned by a thread:  ([mutex/lock_event])
[0x000000000534c420] Threads_lock - owner thread: 0x0000000018b84800
[0x000000000534c4a0] Heap_lock - owner thread: 0x000000001ecc5800

Heap:
 PSYoungGen      total 363008K, used 349612K [0x00000000e0000000, 0x0000000100000000, 0x0000000100000000)
  eden space 236544K, 100% used [0x00000000e0000000,0x00000000ee700000,0x00000000ee700000)
  from space 126464K, 89% used [0x00000000f8480000,0x00000000ff2eb130,0x0000000100000000)
  to   space 143872K, 26% used [0x00000000ee700000,0x00000000f0c10b68,0x00000000f7380000)
 ParOldGen       total 484352K, used 330708K [0x00000000a0000000, 0x00000000bd900000, 0x00000000e0000000)
  object space 484352K, 68% used [0x00000000a0000000,0x00000000b42f5100,0x00000000bd900000)
 Metaspace       used 103585K, capacity 109076K, committed 109312K, reserved 1144832K
  class space    used 13009K, capacity 14228K, committed 14336K, reserved 1048576K

Card table byte_map: [0x0000000014710000,0x0000000014a20000] byte_map_base: 0x0000000014210000

Marking Bits: (ParMarkBitMap*) 0x00000000720018f0
 Begin Bits: [0x0000000014f20000, 0x0000000016720000)
 End Bits:   [0x0000000016720000, 0x0000000017f20000)

Polling page: 0x0000000003560000

CodeCache: size=245760Kb used=69162Kb max_used=69162Kb free=176597Kb
 bounds [0x0000000005350000, 0x0000000009740000, 0x0000000014350000]
 total_blobs=19804 nmethods=18913 adapters=802
 compilation: enabled

Compilation events (10 events):
Event: 1650.565 Thread 0x000000001a069800 25374       1       lombok.javac.JavacASTAdapter::endVisitMethod (1 bytes)
Event: 1650.565 Thread 0x000000001a069800 nmethod 25374 0x00000000096513d0 code [0x0000000009651520, 0x0000000009651630]
Event: 1650.566 Thread 0x000000001a069800 25375       3       com.sun.tools.javac.code.Types::instance (26 bytes)
Event: 1650.567 Thread 0x000000001a069800 nmethod 25375 0x0000000009720fd0 code [0x0000000009721160, 0x00000000097214b8]
Event: 1650.567 Thread 0x000000001a069800 25376       3       com.sun.tools.javac.tree.TreeScanner::visitWildcard (24 bytes)
Event: 1650.568 Thread 0x000000001a069800 nmethod 25376 0x0000000009720a50 code [0x0000000009720bc0, 0x0000000009720ed8]
Event: 1650.568 Thread 0x000000001a069800 25377       3       com.sun.tools.javac.tree.TreeScanner::visitTypeBoundKind (1 bytes)
Event: 1650.568 Thread 0x000000001a069800 nmethod 25377 0x0000000009651050 code [0x00000000096511a0, 0x00000000096512f0]
Event: 1650.568 Thread 0x000000001a069800 25378       3       com.sun.tools.javac.processing.JavacProcessingEnvironment$1::visitAssignop (11 bytes)
Event: 1650.568 Thread 0x000000001a069800 nmethod 25378 0x000000000971fe10 code [0x000000000971ffc0, 0x0000000009720638]

GC Heap History (10 events):
Event: 1087.109 GC heap after
Heap after GC invocations=34 (full 6):
 PSYoungGen      total 395776K, used 21231K [0x00000000e0000000, 0x0000000100000000, 0x0000000100000000)
  eden space 275456K, 0% used [0x00000000e0000000,0x00000000e0000000,0x00000000f0d00000)
  from space 120320K, 17% used [0x00000000f7f00000,0x00000000f93bbce8,0x00000000ff480000)
  to   space 116736K, 0% used [0x00000000f0d00000,0x00000000f0d00000,0x00000000f7f00000)
 ParOldGen       total 484352K, used 326489K [0x00000000a0000000, 0x00000000bd900000, 0x00000000e0000000)
  object space 484352K, 67% used [0x00000000a0000000,0x00000000b3ed6698,0x00000000bd900000)
 Metaspace       used 93113K, capacity 97906K, committed 98048K, reserved 1134592K
  class space    used 11729K, capacity 12785K, committed 12800K, reserved 1048576K
}
Event: 1089.344 GC heap before
{Heap before GC invocations=35 (full 6):
 PSYoungGen      total 395776K, used 296679K [0x00000000e0000000, 0x0000000100000000, 0x0000000100000000)
  eden space 275456K, 99% used [0x00000000e0000000,0x00000000f0cfe008,0x00000000f0d00000)
  from space 120320K, 17% used [0x00000000f7f00000,0x00000000f93bbce8,0x00000000ff480000)
  to   space 116736K, 0% used [0x00000000f0d00000,0x00000000f0d00000,0x00000000f7f00000)
 ParOldGen       total 484352K, used 326489K [0x00000000a0000000, 0x00000000bd900000, 0x00000000e0000000)
  object space 484352K, 67% used [0x00000000a0000000,0x00000000b3ed6698,0x00000000bd900000)
 Metaspace       used 94580K, capacity 99414K, committed 99584K, reserved 1136640K
  class space    used 11894K, capacity 12939K, committed 13056K, reserved 1048576K
Event: 1089.360 GC heap after
Heap after GC invocations=35 (full 6):
 PSYoungGen      total 392192K, used 19105K [0x00000000e0000000, 0x00000000ff580000, 0x0000000100000000)
  eden space 275456K, 0% used [0x00000000e0000000,0x00000000e0000000,0x00000000f0d00000)
  from space 116736K, 16% used [0x00000000f0d00000,0x00000000f1fa8548,0x00000000f7f00000)
  to   space 113152K, 0% used [0x00000000f8700000,0x00000000f8700000,0x00000000ff580000)
 ParOldGen       total 484352K, used 326497K [0x00000000a0000000, 0x00000000bd900000, 0x00000000e0000000)
  object space 484352K, 67% used [0x00000000a0000000,0x00000000b3ed8698,0x00000000bd900000)
 Metaspace       used 94580K, capacity 99414K, committed 99584K, reserved 1136640K
  class space    used 11894K, capacity 12939K, committed 13056K, reserved 1048576K
}
Event: 1640.288 GC heap before
{Heap before GC invocations=36 (full 6):
 PSYoungGen      total 392192K, used 294561K [0x00000000e0000000, 0x00000000ff580000, 0x0000000100000000)
  eden space 275456K, 100% used [0x00000000e0000000,0x00000000f0d00000,0x00000000f0d00000)
  from space 116736K, 16% used [0x00000000f0d00000,0x00000000f1fa8548,0x00000000f7f00000)
  to   space 113152K, 0% used [0x00000000f8700000,0x00000000f8700000,0x00000000ff580000)
 ParOldGen       total 484352K, used 326497K [0x00000000a0000000, 0x00000000bd900000, 0x00000000e0000000)
  object space 484352K, 67% used [0x00000000a0000000,0x00000000b3ed8698,0x00000000bd900000)
 Metaspace       used 98248K, capacity 103388K, committed 103680K, reserved 1138688K
  class space    used 12364K, capacity 13504K, committed 13568K, reserved 1048576K
Event: 1640.421 GC heap after
Heap after GC invocations=36 (full 6):
 PSYoungGen      total 403456K, used 19890K [0x00000000e0000000, 0x00000000ff480000, 0x0000000100000000)
  eden space 291328K, 0% used [0x00000000e0000000,0x00000000e0000000,0x00000000f1c80000)
  from space 112128K, 17% used [0x00000000f8700000,0x00000000f9a6c9e0,0x00000000ff480000)
  to   space 109056K, 0% used [0x00000000f1c80000,0x00000000f1c80000,0x00000000f8700000)
 ParOldGen       total 484352K, used 326505K [0x00000000a0000000, 0x00000000bd900000, 0x00000000e0000000)
  object space 484352K, 67% used [0x00000000a0000000,0x00000000b3eda698,0x00000000bd900000)
 Metaspace       used 98248K, capacity 103388K, committed 103680K, reserved 1138688K
  class space    used 12364K, capacity 13504K, committed 13568K, reserved 1048576K
}
Event: 1646.678 GC heap before
{Heap before GC invocations=37 (full 6):
 PSYoungGen      total 403456K, used 311218K [0x00000000e0000000, 0x00000000ff480000, 0x0000000100000000)
  eden space 291328K, 100% used [0x00000000e0000000,0x00000000f1c80000,0x00000000f1c80000)
  from space 112128K, 17% used [0x00000000f8700000,0x00000000f9a6c9e0,0x00000000ff480000)
  to   space 109056K, 0% used [0x00000000f1c80000,0x00000000f1c80000,0x00000000f8700000)
 ParOldGen       total 484352K, used 326505K [0x00000000a0000000, 0x00000000bd900000, 0x00000000e0000000)
  object space 484352K, 67% used [0x00000000a0000000,0x00000000b3eda698,0x00000000bd900000)
 Metaspace       used 101211K, capacity 106622K, committed 106880K, reserved 1142784K
  class space    used 12684K, capacity 13863K, committed 13952K, reserved 1048576K
Event: 1646.980 GC heap after
Heap after GC invocations=37 (full 6):
 PSYoungGen      total 395264K, used 103554K [0x00000000e0000000, 0x0000000100000000, 0x0000000100000000)
  eden space 291328K, 0% used [0x00000000e0000000,0x00000000e0000000,0x00000000f1c80000)
  from space 103936K, 99% used [0x00000000f1c80000,0x00000000f81a0888,0x00000000f8200000)
  to   space 126464K, 0% used [0x00000000f8480000,0x00000000f8480000,0x0000000100000000)
 ParOldGen       total 484352K, used 326513K [0x00000000a0000000, 0x00000000bd900000, 0x00000000e0000000)
  object space 484352K, 67% used [0x00000000a0000000,0x00000000b3edc698,0x00000000bd900000)
 Metaspace       used 101211K, capacity 106622K, committed 106880K, reserved 1142784K
  class space    used 12684K, capacity 13863K, committed 13952K, reserved 1048576K
}
Event: 1648.639 GC heap before
{Heap before GC invocations=38 (full 6):
 PSYoungGen      total 395264K, used 394882K [0x00000000e0000000, 0x0000000100000000, 0x0000000100000000)
  eden space 291328K, 100% used [0x00000000e0000000,0x00000000f1c80000,0x00000000f1c80000)
  from space 103936K, 99% used [0x00000000f1c80000,0x00000000f81a0888,0x00000000f8200000)
  to   space 126464K, 0% used [0x00000000f8480000,0x00000000f8480000,0x0000000100000000)
 ParOldGen       total 484352K, used 326513K [0x00000000a0000000, 0x00000000bd900000, 0x00000000e0000000)
  object space 484352K, 67% used [0x00000000a0000000,0x00000000b3edc698,0x00000000bd900000)
 Metaspace       used 103541K, capacity 108980K, committed 109184K, reserved 1144832K
  class space    used 13007K, capacity 14196K, committed 14208K, reserved 1048576K
Event: 1649.016 GC heap after
Heap after GC invocations=38 (full 6):
 PSYoungGen      total 363008K, used 113068K [0x00000000e0000000, 0x0000000100000000, 0x0000000100000000)
  eden space 236544K, 0% used [0x00000000e0000000,0x00000000e0000000,0x00000000ee700000)
  from space 126464K, 89% used [0x00000000f8480000,0x00000000ff2eb130,0x0000000100000000)
  to   space 143872K, 0% used [0x00000000ee700000,0x00000000ee700000,0x00000000f7380000)
 ParOldGen       total 484352K, used 326521K [0x00000000a0000000, 0x00000000bd900000, 0x00000000e0000000)
  object space 484352K, 67% used [0x00000000a0000000,0x00000000b3ede698,0x00000000bd900000)
 Metaspace       used 103541K, capacity 108980K, committed 109184K, reserved 1144832K
  class space    used 13007K, capacity 14196K, committed 14208K, reserved 1048576K
}
Event: 1650.582 GC heap before
{Heap before GC invocations=39 (full 6):
 PSYoungGen      total 363008K, used 349612K [0x00000000e0000000, 0x0000000100000000, 0x0000000100000000)
  eden space 236544K, 100% used [0x00000000e0000000,0x00000000ee700000,0x00000000ee700000)
  from space 126464K, 89% used [0x00000000f8480000,0x00000000ff2eb130,0x0000000100000000)
  to   space 143872K, 0% used [0x00000000ee700000,0x00000000ee700000,0x00000000f7380000)
 ParOldGen       total 484352K, used 326521K [0x00000000a0000000, 0x00000000bd900000, 0x00000000e0000000)
  object space 484352K, 67% used [0x00000000a0000000,0x00000000b3ede698,0x00000000bd900000)
 Metaspace       used 103585K, capacity 109076K, committed 109312K, reserved 1144832K
  class space    used 13009K, capacity 14228K, committed 14336K, reserved 1048576K

Deoptimization events (10 events):
Event: 1647.349 Thread 0x000000001ecc5800 Uncommon trap: reason=unstable_if action=reinterpret pc=0x0000000007e29814 method=com.squareup.javapoet.CodeBlock$Builder.isNoArgPlaceholder(C)Z @ 21
Event: 1647.349 Thread 0x000000001ecc5800 Uncommon trap: reason=unstable_if action=reinterpret pc=0x000000000705b74c method=com.squareup.javapoet.CodeBlock$Builder.isNoArgPlaceholder(C)Z @ 27
Event: 1650.536 Thread 0x000000001ecc5800 Uncommon trap: reason=class_check action=maybe_recompile pc=0x00000000096e5c60 method=lombok.javac.JavacNode.traverse(Llombok/javac/JavacASTVisitor;)V @ 69
Event: 1650.536 Thread 0x000000001ecc5800 Uncommon trap: reason=class_check action=maybe_recompile pc=0x00000000096e5ab8 method=lombok.javac.JavacNode.traverse(Llombok/javac/JavacASTVisitor;)V @ 112
Event: 1650.536 Thread 0x000000001ecc5800 Uncommon trap: reason=class_check action=maybe_recompile pc=0x00000000096e5a2c method=lombok.javac.JavacNode.traverse(Llombok/javac/JavacASTVisitor;)V @ 155
Event: 1650.536 Thread 0x000000001ecc5800 Uncommon trap: reason=class_check action=maybe_recompile pc=0x00000000096e5c4c method=lombok.javac.JavacNode.traverse(Llombok/javac/JavacASTVisitor;)V @ 198
Event: 1650.536 Thread 0x000000001ecc5800 Uncommon trap: reason=class_check action=maybe_recompile pc=0x00000000096e5ca4 method=lombok.javac.JavacNode.traverse(Llombok/javac/JavacASTVisitor;)V @ 554
Event: 1650.536 Thread 0x000000001ecc5800 Uncommon trap: reason=class_check action=maybe_recompile pc=0x00000000096e5c90 method=lombok.javac.JavacNode.traverse(Llombok/javac/JavacASTVisitor;)V @ 299
Event: 1650.536 Thread 0x000000001ecc5800 Uncommon trap: reason=class_check action=maybe_recompile pc=0x00000000096e5a44 method=lombok.javac.JavacNode.traverse(Llombok/javac/JavacASTVisitor;)V @ 386
Event: 1650.536 Thread 0x000000001ecc5800 Uncommon trap: reason=class_check action=maybe_recompile pc=0x00000000096e5a44 method=lombok.javac.JavacNode.traverse(Llombok/javac/JavacASTVisitor;)V @ 386

Internal exceptions (10 events):
Event: 1640.175 Thread 0x000000001ecc6000 Exception <a 'sun/nio/fs/WindowsException'> (0x00000000f095d368) thrown at [C:\src\android\AOSP-openjdk\external\jetbrains\jdk\hotspot\src\share\vm\prims\jni.cpp, line 709]
Event: 1640.805 Thread 0x000000001ecc6000 Exception <a 'sun/nio/fs/WindowsException'> (0x00000000e15bc998) thrown at [C:\src\android\AOSP-openjdk\external\jetbrains\jdk\hotspot\src\share\vm\prims\jni.cpp, line 709]
Event: 1640.885 Thread 0x000000001ecc6000 Exception <a 'sun/nio/fs/WindowsException'> (0x00000000e1684d08) thrown at [C:\src\android\AOSP-openjdk\external\jetbrains\jdk\hotspot\src\share\vm\prims\jni.cpp, line 709]
Event: 1640.905 Thread 0x000000001ecc6000 Implicit null exception at 0x000000000769d617 to 0x000000000769d979
Event: 1645.479 Thread 0x000000001ecc5800 Exception <a 'java/io/FileNotFoundException'> (0x00000000e9cfa0f8) thrown at [C:\src\android\AOSP-openjdk\external\jetbrains\jdk\hotspot\src\share\vm\prims\jni.cpp, line 709]
Event: 1645.482 Thread 0x000000001ecc5800 Exception <a 'java/io/FileNotFoundException'> (0x00000000e9cfba98) thrown at [C:\src\android\AOSP-openjdk\external\jetbrains\jdk\hotspot\src\share\vm\prims\jni.cpp, line 709]
Event: 1645.482 Thread 0x000000001ecc5800 Exception <a 'java/io/FileNotFoundException'> (0x00000000e9cfc880) thrown at [C:\src\android\AOSP-openjdk\external\jetbrains\jdk\hotspot\src\share\vm\prims\jni.cpp, line 709]
Event: 1645.874 Thread 0x000000001ecc5800 Exception <a 'java/lang/NoSuchMethodError': <clinit>> (0x00000000ed0798c0) thrown at [C:\src\android\AOSP-openjdk\external\jetbrains\jdk\hotspot\src\share\vm\prims\jni.cpp, line 1613]
Event: 1645.995 Thread 0x000000001ecc5800 Implicit null exception at 0x0000000007ae0176 to 0x0000000007ae07f1
Event: 1646.473 Thread 0x000000001ecc5800 Exception <a 'java/lang/ClassNotFoundException': com/sun/org/glassfish/hk2/osgiresourcelocator/ServiceLoader> (0x00000000f11cd280) thrown at [C:\src\android\AOSP-openjdk\external\jetbrains\jdk\hotspot\src\share\vm\classfile\systemDictionary.cpp, line 210]

Events (10 events):
Event: 1650.536 Thread 0x000000001ecc5800 Uncommon trap: trap_request=0xffffffde fr.pc=0x00000000096e5c90
Event: 1650.536 Thread 0x000000001ecc5800 DEOPT PACKING pc=0x00000000096e5c90 sp=0x000000002fffc570
Event: 1650.536 Thread 0x000000001ecc5800 DEOPT UNPACKING pc=0x000000000539556a sp=0x000000002fffc4f8 mode 2
Event: 1650.536 Thread 0x000000001ecc5800 Uncommon trap: trap_request=0xffffffde fr.pc=0x00000000096e5a44
Event: 1650.536 Thread 0x000000001ecc5800 DEOPT PACKING pc=0x00000000096e5a44 sp=0x000000002fffc570
Event: 1650.536 Thread 0x000000001ecc5800 DEOPT UNPACKING pc=0x000000000539556a sp=0x000000002fffc500 mode 2
Event: 1650.536 Thread 0x000000001ecc5800 Uncommon trap: trap_request=0xffffffde fr.pc=0x00000000096e5a44
Event: 1650.536 Thread 0x000000001ecc5800 DEOPT PACKING pc=0x00000000096e5a44 sp=0x000000002fffc490
Event: 1650.536 Thread 0x000000001ecc5800 DEOPT UNPACKING pc=0x000000000539556a sp=0x000000002fffc420 mode 2
Event: 1650.581 Executing VM operation: ParallelGCFailedAllocation


Dynamic libraries:
0x00007ff718d60000 - 0x00007ff718d91000 	C:\Program Files\Android\Android Studio\jre\bin\java.exe
0x00007fff70e50000 - 0x00007fff71030000 	C:\Windows\SYSTEM32\ntdll.dll
0x00007fff6f1a0000 - 0x00007fff6f24e000 	C:\Windows\System32\KERNEL32.DLL
0x00007fff6dd40000 - 0x00007fff6dfa6000 	C:\Windows\System32\KERNELBASE.dll
0x00007fff6e430000 - 0x00007fff6e4d1000 	C:\Windows\System32\ADVAPI32.dll
0x00007fff6e550000 - 0x00007fff6e5ed000 	C:\Windows\System32\msvcrt.dll
0x00007fff6e4e0000 - 0x00007fff6e53b000 	C:\Windows\System32\sechost.dll
0x00007fff6f530000 - 0x00007fff6f64f000 	C:\Windows\System32\RPCRT4.dll
0x00007fff6f3a0000 - 0x00007fff6f52f000 	C:\Windows\System32\USER32.dll
0x00007fff6d300000 - 0x00007fff6d320000 	C:\Windows\System32\win32u.dll
0x00007fff6e400000 - 0x00007fff6e428000 	C:\Windows\System32\GDI32.dll
0x00007fff6dfb0000 - 0x00007fff6e143000 	C:\Windows\System32\gdi32full.dll
0x00007fff6dc20000 - 0x00007fff6dcbb000 	C:\Windows\System32\msvcp_win.dll
0x00007fff6dac0000 - 0x00007fff6dbb5000 	C:\Windows\System32\ucrtbase.dll
0x00007fff62bf0000 - 0x00007fff62e59000 	C:\Windows\WinSxS\amd64_microsoft.windows.common-controls_6595b64144ccf1df_6.0.16299.820_none_15c6db6093667967\COMCTL32.dll
0x00007fff6e670000 - 0x00007fff6e976000 	C:\Windows\System32\combase.dll
0x00007fff6dcc0000 - 0x00007fff6dd32000 	C:\Windows\System32\bcryptPrimitives.dll
0x00007fff6f260000 - 0x00007fff6f28d000 	C:\Windows\System32\IMM32.DLL
0x0000000071250000 - 0x0000000071322000 	C:\Program Files\Android\Android Studio\jre\jre\bin\msvcr100.dll
0x0000000071840000 - 0x000000007207c000 	C:\Program Files\Android\Android Studio\jre\jre\bin\server\jvm.dll
0x00007fff6e540000 - 0x00007fff6e548000 	C:\Windows\System32\PSAPI.DLL
0x00007fff6be50000 - 0x00007fff6be5a000 	C:\Windows\SYSTEM32\VERSION.dll
0x00007fff66f80000 - 0x00007fff66f89000 	C:\Windows\SYSTEM32\WSOCK32.dll
0x00007fff6afd0000 - 0x00007fff6aff3000 	C:\Windows\SYSTEM32\WINMM.dll
0x00007fff6ea20000 - 0x00007fff6ea8c000 	C:\Windows\System32\WS2_32.dll
0x00007fff6aca0000 - 0x00007fff6acca000 	C:\Windows\SYSTEM32\winmmbase.dll
0x00007fff6da70000 - 0x00007fff6daba000 	C:\Windows\System32\cfgmgr32.dll
0x00007fff66f70000 - 0x00007fff66f7f000 	C:\Program Files\Android\Android Studio\jre\jre\bin\verify.dll
0x00007fff628f0000 - 0x00007fff62919000 	C:\Program Files\Android\Android Studio\jre\jre\bin\java.dll
0x00007fff62870000 - 0x00007fff62886000 	C:\Program Files\Android\Android Studio\jre\jre\bin\zip.dll
0x00007fff6f650000 - 0x00007fff70a88000 	C:\Windows\System32\SHELL32.dll
0x00007fff6e320000 - 0x00007fff6e3c6000 	C:\Windows\System32\shcore.dll
0x00007fff6d320000 - 0x00007fff6da67000 	C:\Windows\System32\windows.storage.dll
0x00007fff6eaf0000 - 0x00007fff6eb41000 	C:\Windows\System32\shlwapi.dll
0x00007fff6d230000 - 0x00007fff6d241000 	C:\Windows\System32\kernel.appcore.dll
0x00007fff6d1c0000 - 0x00007fff6d20c000 	C:\Windows\System32\powrprof.dll
0x00007fff6d1a0000 - 0x00007fff6d1bb000 	C:\Windows\System32\profapi.dll
0x00007fff62830000 - 0x00007fff6284a000 	C:\Program Files\Android\Android Studio\jre\jre\bin\net.dll
0x00007fff6c9a0000 - 0x00007fff6ca06000 	C:\Windows\system32\mswsock.dll
0x00007fff60670000 - 0x00007fff60681000 	C:\Program Files\Android\Android Studio\jre\jre\bin\nio.dll
0x00007fff5e580000 - 0x00007fff5e59e000 	C:\Users\Administrator\.gradle\native\25\windows-amd64\native-platform.dll
0x00007fff65f60000 - 0x00007fff65f6d000 	C:\Program Files\Android\Android Studio\jre\jre\bin\management.dll
0x00007fff6cb70000 - 0x00007fff6cb87000 	C:\Windows\SYSTEM32\CRYPTSP.dll
0x00007fff6c5a0000 - 0x00007fff6c5d3000 	C:\Windows\system32\rsaenh.dll
0x00007fff6cc70000 - 0x00007fff6cc95000 	C:\Windows\SYSTEM32\bcrypt.dll
0x00007fff6d0d0000 - 0x00007fff6d0f9000 	C:\Windows\SYSTEM32\USERENV.dll
0x00007fff6cb60000 - 0x00007fff6cb6b000 	C:\Windows\SYSTEM32\CRYPTBASE.dll
0x00007fff6c730000 - 0x00007fff6c769000 	C:\Windows\SYSTEM32\IPHLPAPI.DLL
0x00007fff6e3d0000 - 0x00007fff6e3d8000 	C:\Windows\System32\NSI.dll
0x00007fff68310000 - 0x00007fff68326000 	C:\Windows\SYSTEM32\dhcpcsvc6.DLL
0x00007fff682f0000 - 0x00007fff6830a000 	C:\Windows\SYSTEM32\dhcpcsvc.DLL
0x00007fff6c2a0000 - 0x00007fff6c2d1000 	C:\Windows\SYSTEM32\ntmarta.dll
0x00007fff5e5a0000 - 0x00007fff5e5c4000 	C:\Program Files\Android\Android Studio\jre\jre\bin\sunec.dll
0x00007fff5bd70000 - 0x00007fff5be7d000 	C:\Windows\SysWOW64\ierd_tgp_lsp64.dll
0x00007fff70a90000 - 0x00007fff70bd9000 	C:\Windows\System32\ole32.dll
0x00007fff68160000 - 0x00007fff6816a000 	C:\Windows\system32\wshqos.dll
0x00007fff68150000 - 0x00007fff68158000 	C:\Windows\SYSTEM32\wshtcpip.DLL
0x00007fff67b10000 - 0x00007fff67b18000 	C:\Windows\SYSTEM32\wship6.dll
0x00007fff6c770000 - 0x00007fff6c826000 	C:\Windows\SYSTEM32\DNSAPI.dll
0x00007fff67240000 - 0x00007fff6724a000 	C:\Windows\System32\rasadhlp.dll
0x00007fff67c00000 - 0x00007fff67c70000 	C:\Windows\System32\fwpuclnt.dll
0x00007fff60050000 - 0x00007fff6005b000 	C:\Program Files\Android\Android Studio\jre\jre\bin\sunmscapi.dll
0x00007fff6e150000 - 0x00007fff6e31e000 	C:\Windows\System32\CRYPT32.dll
0x00007fff6d210000 - 0x00007fff6d222000 	C:\Windows\System32\MSASN1.dll
0x00007fff50480000 - 0x00007fff50648000 	C:\Windows\SYSTEM32\dbghelp.dll

VM Arguments:
jvm_args: -Xmx1536m -Dfile.encoding=GBK -Duser.country=CN -Duser.language=zh -Duser.variant 
java_command: org.gradle.launcher.daemon.bootstrap.GradleDaemon 4.1
java_class_path (initial): C:\Users\Administrator\.gradle\wrapper\dists\gradle-4.1-all\bzyivzo6n839fup2jbap0tjew\gradle-4.1\lib\gradle-launcher-4.1.jar
Launcher Type: SUN_STANDARD

Environment Variables:
PATH=C:\ProgramData\Oracle\Java\javapath;C:\Windows\system32;C:\Windows;C:\Windows\System32\Wbem;C:\Windows\System32\WindowsPowerShell\v1.0\;C:\Program Files (x86)\NVIDIA Corporation\PhysX\Common;C:\Program Files\Java\jdk1.8.0_191;C:\Program Files\Java\jre1.8.0_191;C:\Users\Administrator\AppData\Local\Microsoft\WindowsApps;
USERNAME=Administrator
OS=Windows_NT
PROCESSOR_IDENTIFIER=Intel64 Family 6 Model 58 Stepping 9, GenuineIntel



---------------  S Y S T E M  ---------------

OS: Windows 10.0 , 64 bit Build 16299 (10.0.16299.431)

CPU:total 4 (4 cores per cpu, 1 threads per core) family 6 model 58 stepping 9, cmov, cx8, fxsr, mmx, sse, sse2, sse3, ssse3, sse4.1, sse4.2, popcnt, avx, aes, clmul, erms, tsc, tscinvbit, tscinv

Memory: 4k page, physical 4156916k(471956k free), swap 10186228k(3772848k free)

vm_info: OpenJDK 64-Bit Server VM (25.112-b06) for windows-amd64 JRE (1.8.0_112-release-b06), built on Dec  8 2016 00:54:26 by "builder" with MS VC++ 10.0 (VS2010)

time: Tue Dec 18 17:48:12 2018
elapsed time: 1650 seconds (0d 0h 27m 30s)

