#
# A fatal error has been detected by the Java Runtime Environment:
#
#  EXCEPTION_ACCESS_VIOLATION (0xc0000005) at pc=0x0000000066ace9eb, pid=9376, tid=0x0000000000000d90
#
# JRE version: OpenJDK Runtime Environment (8.0_112-b06) (build 1.8.0_112-release-b06)
# Java VM: OpenJDK 64-Bit Server VM (25.112-b06 mixed mode windows-amd64 compressed oops)
# Problematic frame:
# V  [jvm.dll+0xee9eb]
#
# Failed to write core dump. Minidumps are not enabled by default on client versions of Windows
#
# If you would like to submit a bug report, please visit:
#   http://bugreport.java.com/bugreport/crash.jsp
#

---------------  T H R E A D  ---------------

Current thread (0x00000000050b9800):  GCTaskThread [stack: 0x0000000014c70000,0x0000000014d70000] [id=3472]

siginfo: ExceptionCode=0xc0000005, reading address 0x0000000000000030

Registers:
RAX=0x0000000014e70000, RBX=0x00000000b0db0158, RCX=0x0000000000000003, RDX=0x0000000000000001
RSP=0x0000000014d6f8a0, RBP=0x00000000b0a3ad30, RSI=0x000000000518a9e0, RDI=0x000000000518a9e0
R8 =0x0000000000000028, R9 =0x0000000100a71348, R10=0x000000000000000c, R11=0x0000000066fa4c58
R12=0x00000000b0a3ad50, R13=0x0000000100a71ac8, R14=0x0000000100a71ad0, R15=0x00000000b0a3ad20
RIP=0x0000000066ace9eb, EFLAGS=0x0000000000010206

Top of Stack: (sp=0x0000000014d6f8a0)
0x0000000014d6f8a0:   0000000100a71348 00000000b0a3ad70
0x0000000014d6f8b0:   0000000000000007 0000000066bd4c82
0x0000000014d6f8c0:   0000000000000000 00000000000003d8
0x0000000014d6f8d0:   00000000050ba0b8 00000000050b10a0
0x0000000014d6f8e0:   00000000000059a3 0000000066da1fc0
0x0000000014d6f8f0:   000000001931ad58 000000000513f6b0
0x0000000014d6f900:   000000000518a9e0 00000000050b9ce0
0x0000000014d6f910:   0000000000000000 0000000000000c00
0x0000000014d6f920:   0000000000000000 0000000000000000
0x0000000014d6f930:   0000000000000000 000000001fb64000
0x0000000014d6f940:   0000000000000001 0000a72500007b01
0x0000000014d6f950:   000095a3fba98b94 00000000050ba0b8
0x0000000014d6f960:   00000000050b9ce0 00000000000003d8
0x0000000014d6f970:   00000000050b9ce0 00000000050b10a0
0x0000000014d6f980:   00000000050b9cd0 000000000513f6b0
0x0000000014d6f990:   000000000518a9e0 0000000066d9f003 

Instructions: (pc=0x0000000066ace9eb)
0x0000000066ace9cb:   6c 00 84 d2 74 16 44 8b 43 08 8b 0d 7d 9c 66 00
0x0000000066ace9db:   49 d3 e0 4c 03 05 6b 9c 66 00 eb 04 4c 8b 43 08
0x0000000066ace9eb:   45 8b 48 08 45 85 c9 7e 0c 41 f6 c1 01 75 4b 41
0x0000000066ace9fb:   c1 f9 03 eb 57 79 43 84 d2 41 8b c9 b8 10 00 00 


Register to memory mapping:

RAX=0x0000000014e70000 is an unknown value
RBX=0x00000000b0db0158 is pointing into object: 0x00000000b0db0128
org.apache.xerces.dom.DeferredElementImpl 
 - klass: 'org/apache/xerces/dom/DeferredElementImpl'
RCX=0x0000000000000003 is an unknown value
RDX=0x0000000000000001 is an unknown value
RSP=0x0000000014d6f8a0 is an unknown value
RBP=0x00000000b0a3ad30 is pointing into object: 0x00000000b0a3ad20
org.apache.xerces.dom.DeferredElementImpl 
 - klass: 'org/apache/xerces/dom/DeferredElementImpl'
RSI=0x000000000518a9e0 is an unknown value
RDI=0x000000000518a9e0 is an unknown value
R8 =0x0000000000000028 is an unknown value
R9 =0x0000000100a71348 is pointing into metadata
R10=0x000000000000000c is an unknown value
R11=0x0000000066fa4c58 is an unknown value
R12=0x00000000b0a3ad50 is pointing into object: 0x00000000b0a3ad20
org.apache.xerces.dom.DeferredElementImpl 
 - klass: 'org/apache/xerces/dom/DeferredElementImpl'
R13=0x0000000100a71ac8 is pointing into metadata
R14=0x0000000100a71ad0 is pointing into metadata
R15=0x00000000b0a3ad20 is an oop
org.apache.xerces.dom.DeferredElementImpl 
 - klass: 'org/apache/xerces/dom/DeferredElementImpl'


Stack: [0x0000000014c70000,0x0000000014d70000],  sp=0x0000000014d6f8a0,  free space=1022k
Native frames: (J=compiled Java code, j=interpreted, Vv=VM code, C=native code)
V  [jvm.dll+0xee9eb]
V  [jvm.dll+0x3c1fc0]
V  [jvm.dll+0x3bf003]
V  [jvm.dll+0x3bce6e]
V  [jvm.dll+0x26c13a]
C  [msvcr100.dll+0x21d9f]
C  [msvcr100.dll+0x21e3b]
C  [KERNEL32.DLL+0x11fe4]
C  [ntdll.dll+0x6cb81]


---------------  P R O C E S S  ---------------

Java Threads: ( => current thread )
  0x000000001fb66800 JavaThread "Task worker for ':' Thread 3" [_thread_blocked, id=9672, stack(0x0000000039180000,0x0000000039280000)]
  0x000000001fb64000 JavaThread "Task worker for ':' Thread 2" [_thread_blocked, id=5564, stack(0x0000000039080000,0x0000000039180000)]
  0x000000001fb63800 JavaThread "Task worker for ':'" [_thread_blocked, id=12164, stack(0x0000000038f80000,0x0000000039080000)]
  0x000000001fb68000 JavaThread "Cache worker for task history cache (E:\app\MyApplication\.gradle\4.1\taskHistory)" [_thread_blocked, id=14152, stack(0x0000000038e80000,0x0000000038f80000)]
  0x000000001fb62800 JavaThread "Cache worker for file content cache (E:\app\MyApplication\.gradle\4.1\fileContent)" [_thread_blocked, id=8328, stack(0x0000000038d80000,0x0000000038e80000)]
  0x000000001fb62000 JavaThread "build operations Thread 4" [_thread_blocked, id=4008, stack(0x0000000038c80000,0x0000000038d80000)]
  0x000000001fb65000 JavaThread "build operations Thread 3" [_thread_blocked, id=6924, stack(0x0000000038b80000,0x0000000038c80000)]
  0x000000001fb59800 JavaThread "build operations Thread 2" [_thread_blocked, id=1844, stack(0x0000000038a80000,0x0000000038b80000)]
  0x000000001fb5a800 JavaThread "build operations" [_thread_blocked, id=13288, stack(0x0000000038980000,0x0000000038a80000)]
  0x000000001fb60800 JavaThread "Cache worker for Artifact transforms cache (C:\Users\Administrator\.gradle\caches\transforms-1)" [_thread_blocked, id=9264, stack(0x0000000038880000,0x0000000038980000)]
  0x000000001fb5b000 JavaThread "Cache worker for file hash cache (E:\app\MyApplication\.gradle\4.1\fileHashes)" [_thread_blocked, id=5344, stack(0x0000000038780000,0x0000000038880000)]
  0x000000001fb5f800 JavaThread "Stdin handler" [_thread_blocked, id=10632, stack(0x0000000038680000,0x0000000038780000)]
  0x000000001fb5f000 JavaThread "Asynchronous log dispatcher for DefaultDaemonConnection: socket connection from /127.0.0.1:53308 to /127.0.0.1:58939" [_thread_blocked, id=988, stack(0x0000000038580000,0x0000000038680000)]
  0x000000001fb5e000 JavaThread "Cancel handler" [_thread_blocked, id=11092, stack(0x0000000038480000,0x0000000038580000)]
  0x000000001fb5d800 JavaThread "Handler for socket connection from /127.0.0.1:53308 to /127.0.0.1:58939" [_thread_in_native, id=4472, stack(0x0000000038380000,0x0000000038480000)]
  0x000000001fb5c000 JavaThread "Worker Daemon Execution" [_thread_blocked, id=4612, stack(0x0000000035680000,0x0000000035780000)]
  0x000000001dd74800 JavaThread "Daemon worker Thread 5" [_thread_blocked, id=13792, stack(0x0000000031680000,0x0000000031780000)]
  0x000000001dd7a000 JavaThread "Daemon Thread 5" [_thread_blocked, id=9848, stack(0x0000000031380000,0x0000000031480000)]
  0x000000001e8db000 JavaThread "Memory manager" [_thread_blocked, id=14036, stack(0x0000000022e90000,0x0000000022f90000)]
  0x000000001df6c800 JavaThread "File lock request listener" [_thread_in_native, id=1156, stack(0x0000000020170000,0x0000000020270000)]
  0x000000001c02d800 JavaThread "Cache worker for file hash cache (C:\Users\Administrator\.gradle\caches\4.1\fileHashes)" [_thread_blocked, id=8896, stack(0x000000001fe70000,0x000000001ff70000)]
  0x000000001b3bd800 JavaThread "Daemon periodic checks" [_thread_blocked, id=9108, stack(0x000000001c600000,0x000000001c700000)]
  0x000000001b3ba000 JavaThread "Incoming local TCP Connector on port 53308" [_thread_in_native, id=4956, stack(0x000000001c460000,0x000000001c560000)]
  0x0000000019fe0000 JavaThread "Service Thread" daemon [_thread_blocked, id=6100, stack(0x000000001a870000,0x000000001a970000)]
  0x0000000018b6d000 JavaThread "C1 CompilerThread2" daemon [_thread_blocked, id=6908, stack(0x000000001a770000,0x000000001a870000)]
  0x0000000018b1d800 JavaThread "C2 CompilerThread1" daemon [_thread_blocked, id=12772, stack(0x000000001a670000,0x000000001a770000)]
  0x0000000018b1a000 JavaThread "C2 CompilerThread0" daemon [_thread_blocked, id=4148, stack(0x000000001a570000,0x000000001a670000)]
  0x0000000018b68800 JavaThread "Attach Listener" daemon [_thread_blocked, id=14768, stack(0x000000001a470000,0x000000001a570000)]
  0x0000000019f78800 JavaThread "Signal Dispatcher" daemon [_thread_blocked, id=14496, stack(0x000000001a370000,0x000000001a470000)]
  0x000000000519b000 JavaThread "Finalizer" daemon [_thread_blocked, id=11056, stack(0x0000000019d70000,0x0000000019e70000)]
  0x0000000005190000 JavaThread "Reference Handler" daemon [_thread_blocked, id=15048, stack(0x0000000019c70000,0x0000000019d70000)]
  0x00000000050a1000 JavaThread "main" [_thread_blocked, id=12600, stack(0x0000000004fa0000,0x00000000050a0000)]

Other Threads:
  0x0000000018ad5800 VMThread [stack: 0x0000000019b70000,0x0000000019c70000] [id=11876]
  0x0000000019fe3000 WatcherThread [stack: 0x000000001a970000,0x000000001aa70000] [id=14156]

=>0x00000000050b9800 (exited) GCTaskThread [stack: 0x0000000014c70000,0x0000000014d70000] [id=3472]

VM state:at safepoint (normal execution)

VM Mutex/Monitor currently owned by a thread:  ([mutex/lock_event])
[0x000000000341bca0] Threads_lock - owner thread: 0x0000000018ad5800
[0x000000000341c0a0] Heap_lock - owner thread: 0x000000001fb66800

Heap:
 PSYoungGen      total 359936K, used 43564K [0x00000000e0000000, 0x0000000100000000, 0x0000000100000000)
  eden space 206336K, 0% used [0x00000000e0000000,0x00000000e0000000,0x00000000ec980000)
  from space 153600K, 28% used [0x00000000f5c00000,0x00000000f868b1f8,0x00000000ff200000)
  to   space 150016K, 0% used [0x00000000ec980000,0x00000000ec980000,0x00000000f5c00000)
 ParOldGen       total 506368K, used 471635K [0x00000000a0000000, 0x00000000bee80000, 0x00000000e0000000)
  object space 506368K, 93% used [0x00000000a0000000,0x00000000bcc94db8,0x00000000bee80000)
 Metaspace       used 106874K, capacity 113030K, committed 113152K, reserved 1148928K
  class space    used 13190K, capacity 14505K, committed 14592K, reserved 1048576K

Card table byte_map: [0x0000000014560000,0x0000000014870000] byte_map_base: 0x0000000014060000

Marking Bits: (ParMarkBitMap*) 0x00000000671a18f0
 Begin Bits: [0x0000000014e70000, 0x0000000016670000)
 End Bits:   [0x0000000016670000, 0x0000000017e70000)

Polling page: 0x0000000003420000

CodeCache: size=245760Kb used=80387Kb max_used=80569Kb free=165372Kb
 bounds [0x00000000051a0000, 0x000000000a0f0000, 0x00000000141a0000]
 total_blobs=21616 nmethods=20751 adapters=777
 compilation: enabled

Compilation events (10 events):
Event: 5427.106 Thread 0x0000000018b1d800 27058       4       com.sun.tools.javac.comp.Check::checkRefTypes (57 bytes)
Event: 5427.108 Thread 0x0000000018b1d800 nmethod 27058 0x0000000005bdc6d0 code [0x0000000005bdc820, 0x0000000005bdca38]
Event: 5427.108 Thread 0x0000000018b1d800 27057       4       com.sun.tools.javac.comp.Attr::attribAnyTypes (52 bytes)
Event: 5427.117 Thread 0x0000000018b1d800 nmethod 27057 0x0000000006957cd0 code [0x0000000006957e60, 0x0000000006958428]
Event: 5427.117 Thread 0x0000000018b1d800 27079       4       com.sun.tools.javac.jvm.Gen::genArgs (52 bytes)
Event: 5427.119 Thread 0x0000000018b1d800 nmethod 27079 0x000000000626d3d0 code [0x000000000626d540, 0x000000000626d728]
Event: 5427.119 Thread 0x0000000018b1d800 27061       4       com.sun.tools.javac.code.Type$ErrorType::<init> (37 bytes)
Event: 5427.120 Thread 0x0000000018b1d800 nmethod 27061 0x000000000698dc10 code [0x000000000698dd60, 0x000000000698de18]
Event: 5427.120 Thread 0x0000000018b1d800 27063       4       com.sun.tools.javac.tree.TreeScanner::visitUnary (9 bytes)
Event: 5427.121 Thread 0x0000000018b1d800 nmethod 27063 0x0000000006ea8d10 code [0x0000000006ea8e60, 0x0000000006ea8ef8]

GC Heap History (10 events):
Event: 5423.130 GC heap after
Heap after GC invocations=40 (full 6):
 PSYoungGen      total 323584K, used 123896K [0x00000000e0000000, 0x0000000100000000, 0x0000000100000000)
  eden space 199680K, 0% used [0x00000000e0000000,0x00000000e0000000,0x00000000ec300000)
  from space 123904K, 99% used [0x00000000f8700000,0x00000000ffffe1c0,0x0000000100000000)
  to   space 162304K, 0% used [0x00000000ec300000,0x00000000ec300000,0x00000000f6180000)
 ParOldGen       total 506368K, used 354400K [0x00000000a0000000, 0x00000000bee80000, 0x00000000e0000000)
  object space 506368K, 69% used [0x00000000a0000000,0x00000000b5a18350,0x00000000bee80000)
 Metaspace       used 106626K, capacity 112806K, committed 113152K, reserved 1148928K
  class space    used 13181K, capacity 14473K, committed 14592K, reserved 1048576K
}
Event: 5424.221 GC heap before
{Heap before GC invocations=41 (full 6):
 PSYoungGen      total 323584K, used 323576K [0x00000000e0000000, 0x0000000100000000, 0x0000000100000000)
  eden space 199680K, 100% used [0x00000000e0000000,0x00000000ec300000,0x00000000ec300000)
  from space 123904K, 99% used [0x00000000f8700000,0x00000000ffffe1c0,0x0000000100000000)
  to   space 162304K, 0% used [0x00000000ec300000,0x00000000ec300000,0x00000000f6180000)
 ParOldGen       total 506368K, used 354400K [0x00000000a0000000, 0x00000000bee80000, 0x00000000e0000000)
  object space 506368K, 69% used [0x00000000a0000000,0x00000000b5a18350,0x00000000bee80000)
 Metaspace       used 106666K, capacity 112806K, committed 113152K, reserved 1148928K
  class space    used 13181K, capacity 14473K, committed 14592K, reserved 1048576K
Event: 5424.318 GC heap after
Heap after GC invocations=41 (full 6):
 PSYoungGen      total 294912K, used 94727K [0x00000000e0000000, 0x0000000100000000, 0x0000000100000000)
  eden space 199680K, 0% used [0x00000000e0000000,0x00000000e0000000,0x00000000ec300000)
  from space 95232K, 99% used [0x00000000ec300000,0x00000000f1f81fc8,0x00000000f2000000)
  to   space 163328K, 0% used [0x00000000f6080000,0x00000000f6080000,0x0000000100000000)
 ParOldGen       total 506368K, used 389483K [0x00000000a0000000, 0x00000000bee80000, 0x00000000e0000000)
  object space 506368K, 76% used [0x00000000a0000000,0x00000000b7c5ae58,0x00000000bee80000)
 Metaspace       used 106666K, capacity 112806K, committed 113152K, reserved 1148928K
  class space    used 13181K, capacity 14473K, committed 14592K, reserved 1048576K
}
Event: 5425.180 GC heap before
{Heap before GC invocations=42 (full 6):
 PSYoungGen      total 294912K, used 294407K [0x00000000e0000000, 0x0000000100000000, 0x0000000100000000)
  eden space 199680K, 100% used [0x00000000e0000000,0x00000000ec300000,0x00000000ec300000)
  from space 95232K, 99% used [0x00000000ec300000,0x00000000f1f81fc8,0x00000000f2000000)
  to   space 163328K, 0% used [0x00000000f6080000,0x00000000f6080000,0x0000000100000000)
 ParOldGen       total 506368K, used 389483K [0x00000000a0000000, 0x00000000bee80000, 0x00000000e0000000)
  object space 506368K, 76% used [0x00000000a0000000,0x00000000b7c5ae58,0x00000000bee80000)
 Metaspace       used 106692K, capacity 112870K, committed 113152K, reserved 1148928K
  class space    used 13181K, capacity 14473K, committed 14592K, reserved 1048576K
Event: 5425.258 GC heap after
Heap after GC invocations=42 (full 6):
 PSYoungGen      total 366080K, used 79827K [0x00000000e0000000, 0x0000000100000000, 0x0000000100000000)
  eden space 202752K, 0% used [0x00000000e0000000,0x00000000e0000000,0x00000000ec600000)
  from space 163328K, 48% used [0x00000000f6080000,0x00000000fae74f50,0x0000000100000000)
  to   space 158208K, 0% used [0x00000000ec600000,0x00000000ec600000,0x00000000f6080000)
 ParOldGen       total 506368K, used 411151K [0x00000000a0000000, 0x00000000bee80000, 0x00000000e0000000)
  object space 506368K, 81% used [0x00000000a0000000,0x00000000b9183ec8,0x00000000bee80000)
 Metaspace       used 106692K, capacity 112870K, committed 113152K, reserved 1148928K
  class space    used 13181K, capacity 14473K, committed 14592K, reserved 1048576K
}
Event: 5425.867 GC heap before
{Heap before GC invocations=43 (full 6):
 PSYoungGen      total 366080K, used 282579K [0x00000000e0000000, 0x0000000100000000, 0x0000000100000000)
  eden space 202752K, 100% used [0x00000000e0000000,0x00000000ec600000,0x00000000ec600000)
  from space 163328K, 48% used [0x00000000f6080000,0x00000000fae74f50,0x0000000100000000)
  to   space 158208K, 0% used [0x00000000ec600000,0x00000000ec600000,0x00000000f6080000)
 ParOldGen       total 506368K, used 411151K [0x00000000a0000000, 0x00000000bee80000, 0x00000000e0000000)
  object space 506368K, 81% used [0x00000000a0000000,0x00000000b9183ec8,0x00000000bee80000)
 Metaspace       used 106736K, capacity 112902K, committed 113152K, reserved 1148928K
  class space    used 13183K, capacity 14505K, committed 14592K, reserved 1048576K
Event: 5425.936 GC heap after
Heap after GC invocations=43 (full 6):
 PSYoungGen      total 284672K, used 81776K [0x00000000e0000000, 0x00000000ff200000, 0x0000000100000000)
  eden space 202752K, 0% used [0x00000000e0000000,0x00000000e0000000,0x00000000ec600000)
  from space 81920K, 99% used [0x00000000ec600000,0x00000000f15dc2b0,0x00000000f1600000)
  to   space 153600K, 0% used [0x00000000f5c00000,0x00000000f5c00000,0x00000000ff200000)
 ParOldGen       total 506368K, used 418550K [0x00000000a0000000, 0x00000000bee80000, 0x00000000e0000000)
  object space 506368K, 82% used [0x00000000a0000000,0x00000000b98bdb88,0x00000000bee80000)
 Metaspace       used 106736K, capacity 112902K, committed 113152K, reserved 1148928K
  class space    used 13183K, capacity 14505K, committed 14592K, reserved 1048576K
}
Event: 5427.122 GC heap before
{Heap before GC invocations=44 (full 6):
 PSYoungGen      total 284672K, used 284528K [0x00000000e0000000, 0x00000000ff200000, 0x0000000100000000)
  eden space 202752K, 100% used [0x00000000e0000000,0x00000000ec600000,0x00000000ec600000)
  from space 81920K, 99% used [0x00000000ec600000,0x00000000f15dc2b0,0x00000000f1600000)
  to   space 153600K, 0% used [0x00000000f5c00000,0x00000000f5c00000,0x00000000ff200000)
 ParOldGen       total 506368K, used 418550K [0x00000000a0000000, 0x00000000bee80000, 0x00000000e0000000)
  object space 506368K, 82% used [0x00000000a0000000,0x00000000b98bdb88,0x00000000bee80000)
 Metaspace       used 106874K, capacity 113030K, committed 113152K, reserved 1148928K
  class space    used 13190K, capacity 14505K, committed 14592K, reserved 1048576K
Event: 5427.196 GC heap after
Heap after GC invocations=44 (full 6):
 PSYoungGen      total 359936K, used 43564K [0x00000000e0000000, 0x0000000100000000, 0x0000000100000000)
  eden space 206336K, 0% used [0x00000000e0000000,0x00000000e0000000,0x00000000ec980000)
  from space 153600K, 28% used [0x00000000f5c00000,0x00000000f868b1f8,0x00000000ff200000)
  to   space 150016K, 0% used [0x00000000ec980000,0x00000000ec980000,0x00000000f5c00000)
 ParOldGen       total 506368K, used 471635K [0x00000000a0000000, 0x00000000bee80000, 0x00000000e0000000)
  object space 506368K, 93% used [0x00000000a0000000,0x00000000bcc94db8,0x00000000bee80000)
 Metaspace       used 106874K, capacity 113030K, committed 113152K, reserved 1148928K
  class space    used 13190K, capacity 14505K, committed 14592K, reserved 1048576K
}
Event: 5427.197 GC heap before
{Heap before GC invocations=45 (full 7):
 PSYoungGen      total 359936K, used 43564K [0x00000000e0000000, 0x0000000100000000, 0x0000000100000000)
  eden space 206336K, 0% used [0x00000000e0000000,0x00000000e0000000,0x00000000ec980000)
  from space 153600K, 28% used [0x00000000f5c00000,0x00000000f868b1f8,0x00000000ff200000)
  to   space 150016K, 0% used [0x00000000ec980000,0x00000000ec980000,0x00000000f5c00000)
 ParOldGen       total 506368K, used 471635K [0x00000000a0000000, 0x00000000bee80000, 0x00000000e0000000)
  object space 506368K, 93% used [0x00000000a0000000,0x00000000bcc94db8,0x00000000bee80000)
 Metaspace       used 106874K, capacity 113030K, committed 113152K, reserved 1148928K
  class space    used 13190K, capacity 14505K, committed 14592K, reserved 1048576K

Deoptimization events (10 events):
Event: 5426.327 Thread 0x000000001fb66800 Uncommon trap: reason=unstable_if action=reinterpret pc=0x00000000064db6d4 method=com.sun.tools.javac.comp.MemberEnter.initEnv(Lcom/sun/tools/javac/tree/JCTree$JCVariableDecl;Lcom/sun/tools/javac/comp/Env;)Lcom/sun/tools/javac/comp/Env; @ 34
Event: 5426.327 Thread 0x000000001fb66800 Uncommon trap: reason=bimorphic action=maybe_recompile pc=0x000000000730be04 method=com.sun.tools.javac.comp.Attr.attribLazyConstantValue(Lcom/sun/tools/javac/comp/Env;Lcom/sun/tools/javac/tree/JCTree$JCVariableDecl;Lcom/sun/tools/javac/code/Type;)Ljava/la“±‡–T2µ@
Event: 5426.331 Thread 0x000000001fb66800 Uncommon trap: reason=bimorphic action=maybe_recompile pc=0x000000000730be04 method=com.sun.tools.javac.comp.Attr.attribLazyConstantValue(Lcom/sun/tools/javac/comp/Env;Lcom/sun/tools/javac/tree/JCTree$JCVariableDecl;Lcom/sun/tools/javac/code/Type;)Ljava/laê u†X2µ@
Event: 5426.346 Thread 0x000000001fb66800 Uncommon trap: reason=bimorphic action=maybe_recompile pc=0x000000000730be04 method=com.sun.tools.javac.comp.Attr.attribLazyConstantValue(Lcom/sun/tools/javac/comp/Env;Lcom/sun/tools/javac/tree/JCTree$JCVariableDecl;Lcom/sun/tools/javac/code/Type;)Ljava/laQ—∑Z2µ@
Event: 5426.354 Thread 0x000000001fb66800 Uncommon trap: reason=bimorphic action=maybe_recompile pc=0x000000000730be04 method=com.sun.tools.javac.comp.Attr.attribLazyConstantValue(Lcom/sun/tools/javac/comp/Env;Lcom/sun/tools/javac/tree/JCTree$JCVariableDecl;Lcom/sun/tools/javac/code/Type;)Ljava/la«≈Øƒ\2µ@
Event: 5426.362 Thread 0x000000001fb66800 Uncommon trap: reason=bimorphic action=maybe_recompile pc=0x0000000008565a20 method=com.sun.tools.javac.comp.Attr.attribLazyConstantValue(Lcom/sun/tools/javac/comp/Env;Lcom/sun/tools/javac/tree/JCTree$JCVariableDecl;Lcom/sun/tools/javac/code/Type;)Ljava/la
Event: 5426.425 Thread 0x000000001fb66800 Uncommon trap: reason=speculate_class_check action=maybe_recompile pc=0x000000000818e5c0 method=com.sun.tools.javac.util.ArrayUtils.ensureCapacity([Ljava/lang/Object;I)[Ljava/lang/Object; @ 39
Event: 5426.487 Thread 0x000000001fb66800 Uncommon trap: reason=speculate_class_check action=maybe_recompile pc=0x000000000818e5c0 method=com.sun.tools.javac.util.ArrayUtils.ensureCapacity([Ljava/lang/Object;I)[Ljava/lang/Object; @ 39
Event: 5426.537 Thread 0x000000001fb66800 Uncommon trap: reason=unstable_if action=reinterpret pc=0x00000000079ca064 method=com.sun.tools.javac.comp.Attr.visitSelect(Lcom/sun/tools/javac/tree/JCTree$JCFieldAccess;)V @ 853
Event: 5426.708 Thread 0x000000001fb66800 Uncommon trap: reason=unstable_if action=reinterpret pc=0x000000000a0156c4 method=lombok.bytecode.ClassFileMetaData.decodeString(II)Ljava/lang/String; @ 39

Internal exceptions (10 events):
Event: 5418.144 Thread 0x000000001fb66800 Exception <a 'sun/nio/fs/WindowsException'> (0x00000000e8be9438) thrown at [C:\src\android\AOSP-openjdk\external\jetbrains\jdk\hotspot\src\share\vm\prims\jni.cpp, line 709]
Event: 5418.147 Thread 0x000000001fb66800 Exception <a 'sun/nio/fs/WindowsException'> (0x00000000e8beb370) thrown at [C:\src\android\AOSP-openjdk\external\jetbrains\jdk\hotspot\src\share\vm\prims\jni.cpp, line 709]
Event: 5418.150 Thread 0x000000001fb66800 Exception <a 'sun/nio/fs/WindowsException'> (0x00000000e8bed1f0) thrown at [C:\src\android\AOSP-openjdk\external\jetbrains\jdk\hotspot\src\share\vm\prims\jni.cpp, line 709]
Event: 5418.153 Thread 0x000000001fb66800 Exception <a 'sun/nio/fs/WindowsException'> (0x00000000e8bef0d8) thrown at [C:\src\android\AOSP-openjdk\external\jetbrains\jdk\hotspot\src\share\vm\prims\jni.cpp, line 709]
Event: 5419.241 Thread 0x000000001fb66800 Exception <a 'java/io/FileNotFoundException'> (0x00000000ec137b80) thrown at [C:\src\android\AOSP-openjdk\external\jetbrains\jdk\hotspot\src\share\vm\prims\jni.cpp, line 709]
Event: 5419.243 Thread 0x000000001fb66800 Exception <a 'java/io/FileNotFoundException'> (0x00000000ec139520) thrown at [C:\src\android\AOSP-openjdk\external\jetbrains\jdk\hotspot\src\share\vm\prims\jni.cpp, line 709]
Event: 5419.243 Thread 0x000000001fb66800 Exception <a 'java/io/FileNotFoundException'> (0x00000000ec13a308) thrown at [C:\src\android\AOSP-openjdk\external\jetbrains\jdk\hotspot\src\share\vm\prims\jni.cpp, line 709]
Event: 5419.567 Thread 0x000000001fb66800 Exception <a 'java/lang/NoSuchMethodError': <clinit>> (0x00000000ee118d40) thrown at [C:\src\android\AOSP-openjdk\external\jetbrains\jdk\hotspot\src\share\vm\prims\jni.cpp, line 1613]
Event: 5420.092 Thread 0x000000001fb66800 Exception <a 'java/lang/ClassNotFoundException': com/sun/org/glassfish/hk2/osgiresourcelocator/ServiceLoader> (0x00000000e0dd4600) thrown at [C:\src\android\AOSP-openjdk\external\jetbrains\jdk\hotspot\src\share\vm\classfile\systemDictionary.cpp, line 210]
Event: 5423.307 Thread 0x000000001fb66800 Implicit null exception at 0x0000000009e1281e to 0x0000000009e12bad

Events (10 events):
Event: 5426.940 Thread 0x0000000018b6d000 flushing nmethod 0x00000000095d04d0
Event: 5426.940 Thread 0x0000000018b6d000 flushing nmethod 0x0000000009795410
Event: 5426.941 Thread 0x0000000018b6d000 flushing nmethod 0x000000000997c150
Event: 5426.942 Thread 0x0000000018b6d000 flushing nmethod 0x0000000009a02190
Event: 5426.943 Thread 0x0000000018b6d000 flushing nmethod 0x0000000009c1db10
Event: 5426.943 Thread 0x0000000018b6d000 flushing nmethod 0x0000000009c2e910
Event: 5426.943 Thread 0x0000000018b6d000 flushing nmethod 0x0000000009c3ff10
Event: 5427.024 Thread 0x000000001fb66800 DEOPT PACKING pc=0x000000000841a01b sp=0x000000003927c200
Event: 5427.025 Thread 0x000000001fb66800 DEOPT UNPACKING pc=0x00000000051e75bf sp=0x000000003927bf90 mode 0
Event: 5427.121 Executing VM operation: ParallelGCFailedAllocation


Dynamic libraries:
0x00007ff6cc800000 - 0x00007ff6cc831000 	C:\Program Files\Android\Android Studio\jre\bin\java.exe
0x00007ff96a900000 - 0x00007ff96aae0000 	C:\Windows\SYSTEM32\ntdll.dll
0x00007ff96a4b0000 - 0x00007ff96a55e000 	C:\Windows\System32\KERNEL32.DLL
0x00007ff967b60000 - 0x00007ff967dc6000 	C:\Windows\System32\KERNELBASE.dll
0x00007ff968b60000 - 0x00007ff968c01000 	C:\Windows\System32\ADVAPI32.dll
0x00007ff967f70000 - 0x00007ff96800d000 	C:\Windows\System32\msvcrt.dll
0x00007ff96a0a0000 - 0x00007ff96a0fb000 	C:\Windows\System32\sechost.dll
0x00007ff96a280000 - 0x00007ff96a39f000 	C:\Windows\System32\RPCRT4.dll
0x00007ff9680d0000 - 0x00007ff96825f000 	C:\Windows\System32\USER32.dll
0x00007ff967570000 - 0x00007ff967590000 	C:\Windows\System32\win32u.dll
0x00007ff96a250000 - 0x00007ff96a278000 	C:\Windows\System32\GDI32.dll
0x00007ff9676e0000 - 0x00007ff967873000 	C:\Windows\System32\gdi32full.dll
0x00007ff966d80000 - 0x00007ff966e1b000 	C:\Windows\System32\msvcp_win.dll
0x00007ff9675e0000 - 0x00007ff9676d5000 	C:\Windows\System32\ucrtbase.dll
0x00007ff95ac10000 - 0x00007ff95ae79000 	C:\Windows\WinSxS\amd64_microsoft.windows.common-controls_6595b64144ccf1df_6.0.16299.820_none_15c6db6093667967\COMCTL32.dll
0x00007ff968260000 - 0x00007ff968566000 	C:\Windows\System32\combase.dll
0x00007ff966d00000 - 0x00007ff966d72000 	C:\Windows\System32\bcryptPrimitives.dll
0x00007ff96a060000 - 0x00007ff96a08d000 	C:\Windows\System32\IMM32.DLL
0x0000000066900000 - 0x00000000669d2000 	C:\Program Files\Android\Android Studio\jre\jre\bin\msvcr100.dll
0x00000000669e0000 - 0x000000006721c000 	C:\Program Files\Android\Android Studio\jre\jre\bin\server\jvm.dll
0x00007ff96a050000 - 0x00007ff96a058000 	C:\Windows\System32\PSAPI.DLL
0x00007ff956660000 - 0x00007ff956669000 	C:\Windows\SYSTEM32\WSOCK32.dll
0x00007ff96a560000 - 0x00007ff96a5cc000 	C:\Windows\System32\WS2_32.dll
0x00007ff965900000 - 0x00007ff96590a000 	C:\Windows\SYSTEM32\VERSION.dll
0x00007ff964a80000 - 0x00007ff964aa3000 	C:\Windows\SYSTEM32\WINMM.dll
0x00007ff964750000 - 0x00007ff96477a000 	C:\Windows\SYSTEM32\winmmbase.dll
0x00007ff967590000 - 0x00007ff9675da000 	C:\Windows\System32\cfgmgr32.dll
0x00007ff964bd0000 - 0x00007ff964bdf000 	C:\Program Files\Android\Android Studio\jre\jre\bin\verify.dll
0x00007ff963760000 - 0x00007ff963789000 	C:\Program Files\Android\Android Studio\jre\jre\bin\java.dll
0x00007ff95fed0000 - 0x00007ff95fee6000 	C:\Program Files\Android\Android Studio\jre\jre\bin\zip.dll
0x00007ff968c10000 - 0x00007ff96a048000 	C:\Windows\System32\SHELL32.dll
0x00007ff96a5d0000 - 0x00007ff96a676000 	C:\Windows\System32\shcore.dll
0x00007ff966e20000 - 0x00007ff967567000 	C:\Windows\System32\windows.storage.dll
0x00007ff968010000 - 0x00007ff968061000 	C:\Windows\System32\shlwapi.dll
0x00007ff966ce0000 - 0x00007ff966cf1000 	C:\Windows\System32\kernel.appcore.dll
0x00007ff966c50000 - 0x00007ff966c9c000 	C:\Windows\System32\powrprof.dll
0x00007ff966ca0000 - 0x00007ff966cbb000 	C:\Windows\System32\profapi.dll
0x00007ff95feb0000 - 0x00007ff95feca000 	C:\Program Files\Android\Android Studio\jre\jre\bin\net.dll
0x00007ff966450000 - 0x00007ff9664b6000 	C:\Windows\system32\mswsock.dll
0x00007ff95fe90000 - 0x00007ff95fea1000 	C:\Program Files\Android\Android Studio\jre\jre\bin\nio.dll
0x00007ff959aa0000 - 0x00007ff959abe000 	C:\Users\Administrator\.gradle\native\25\windows-amd64\native-platform.dll
0x00007ff95fca0000 - 0x00007ff95fcad000 	C:\Program Files\Android\Android Studio\jre\jre\bin\management.dll
0x00007ff966610000 - 0x00007ff966627000 	C:\Windows\SYSTEM32\CRYPTSP.dll
0x00007ff966050000 - 0x00007ff966083000 	C:\Windows\system32\rsaenh.dll
0x00007ff966720000 - 0x00007ff966745000 	C:\Windows\SYSTEM32\bcrypt.dll
0x00007ff966b80000 - 0x00007ff966ba9000 	C:\Windows\SYSTEM32\USERENV.dll
0x00007ff966630000 - 0x00007ff96663b000 	C:\Windows\SYSTEM32\CRYPTBASE.dll
0x00007ff9661e0000 - 0x00007ff966219000 	C:\Windows\SYSTEM32\IPHLPAPI.DLL
0x00007ff96a090000 - 0x00007ff96a098000 	C:\Windows\System32\NSI.dll
0x00007ff961d70000 - 0x00007ff961d86000 	C:\Windows\SYSTEM32\dhcpcsvc6.DLL
0x00007ff961ab0000 - 0x00007ff961aca000 	C:\Windows\SYSTEM32\dhcpcsvc.DLL
0x00007ff965d50000 - 0x00007ff965d81000 	C:\Windows\SYSTEM32\ntmarta.dll
0x00007ff9449d0000 - 0x00007ff944b98000 	C:\Windows\SYSTEM32\dbghelp.dll

VM Arguments:
jvm_args: -Xmx1536m -Dfile.encoding=GBK -Duser.country=CN -Duser.language=zh -Duser.variant 
java_command: org.gradle.launcher.daemon.bootstrap.GradleDaemon 4.1
java_class_path (initial): C:\Users\Administrator\.gradle\wrapper\dists\gradle-4.1-all\bzyivzo6n839fup2jbap0tjew\gradle-4.1\lib\gradle-launcher-4.1.jar
Launcher Type: SUN_STANDARD

Environment Variables:
PATH=C:\ProgramData\Oracle\Java\javapath;C:\Windows\system32;C:\Windows;C:\Windows\System32\Wbem;C:\Windows\System32\WindowsPowerShell\v1.0\;C:\Program Files (x86)\NVIDIA Corporation\PhysX\Common;C:\Program Files\Java\jdk1.8.0_191;C:\Program Files\Java\jre1.8.0_191;C:\Users\Administrator\AppData\Local\Microsoft\WindowsApps;
USERNAME=Administrator
OS=Windows_NT
PROCESSOR_IDENTIFIER=Intel64 Family 6 Model 58 Stepping 9, GenuineIntel



---------------  S Y S T E M  ---------------

OS: Windows 10.0 , 64 bit Build 16299 (10.0.16299.431)

CPU:total 4 (4 cores per cpu, 1 threads per core) family 6 model 58 stepping 9, cmov, cx8, fxsr, mmx, sse, sse2, sse3, ssse3, sse4.1, sse4.2, popcnt, avx, aes, clmul, erms, tsc, tscinvbit, tscinv

Memory: 4k page, physical 4156916k(28820k free), swap 10446720k(1730400k free)

vm_info: OpenJDK 64-Bit Server VM (25.112-b06) for windows-amd64 JRE (1.8.0_112-release-b06), built on Dec  8 2016 00:54:26 by "builder" with MS VC++ 10.0 (VS2010)

time: Mon Dec 17 17:12:14 2018
elapsed time: 5427 seconds (0d 1h 30m 27s)

