#
# A fatal error has been detected by the Java Runtime Environment:
#
#  EXCEPTION_ACCESS_VIOLATION (0xc0000005) at pc=0x0000000066a6a070, pid=6248, tid=0x0000000000001ecc
#
# JRE version: OpenJDK Runtime Environment (8.0_112-b06) (build 1.8.0_112-release-b06)
# Java VM: OpenJDK 64-Bit Server VM (25.112-b06 mixed mode windows-amd64 compressed oops)
# Problematic frame:
# V  [jvm.dll+0x8a070]
#
# Failed to write core dump. Minidumps are not enabled by default on client versions of Windows
#
# If you would like to submit a bug report, please visit:
#   http://bugreport.java.com/bugreport/crash.jsp
#

---------------  T H R E A D  ---------------

Current thread (0x0000000004e19800):  GCTaskThread [stack: 0x00000000149d0000,0x0000000014ad0000] [id=7884]

siginfo: ExceptionCode=0xc0000005, reading address 0x00000001027c8150

Registers:
RAX=0x0000000000000001, RBX=0x00000000fb96cd28, RCX=0x00000000fb96cd28, RDX=0x00000001027c8148
RSP=0x0000000014acf608, RBP=0x0000000000000000, RSI=0x0000000004eeaf80, RDI=0x0001b3e100007a1b
R8 =0x0000000004eeaf80, R9 =0x0000000000000009, R10=0x0000000000000008, R11=0x00000000f1f23e58
R12=0x0000000066ff29e0, R13=0x000000000000000d, R14=0x0000000000000000, R15=0x0000000004e19ce0
RIP=0x0000000066a6a070, EFLAGS=0x0000000000010206

Top of Stack: (sp=0x0000000014acf608)
0x0000000014acf608:   0000000066daac22 00000000fb96cd08
0x0000000014acf618:   0000000000000004 0000000004eeaf80
0x0000000014acf628:   0000000066aa616a 00000000f1f1be68
0x0000000014acf638:   0000000066dab36b 00000000b9fbdb68
0x0000000014acf648:   0000000000000400 0000000000000000
0x0000000014acf658:   0000000004e11501 0000000066ff29e0
0x0000000014acf668:   0000000066daaf90 00000000f1f1cc64
0x0000000014acf678:   0000000000000000 0000000004eeaf80
0x0000000014acf688:   0001b3e100007a1b 00000000f1f1cc64
0x0000000014acf698:   0000000066dab965 00000000fb8c4868
0x0000000014acf6a8:   0000000000000000 0000000004eeaf80
0x0000000014acf6b8:   0000000066daaea1 0001b3e100007a1b
0x0000000014acf6c8:   0000000000000004 0000000004eeaf80
0x0000000014acf6d8:   0001b3e100007a1b 000000002112c250
0x0000000014acf6e8:   0001b3e000007a1b 00016328000098be
0x0000000014acf6f8:   00016328000098bc 0000000004e19cd0 

Instructions: (pc=0x0000000066a6a070)
0x0000000066a6a050:   1c 42 1d 00 48 8b 9c 24 c0 00 00 00 48 81 c4 b0
0x0000000066a6a060:   00 00 00 5d c3 cc cc cc cc cc cc cc cc cc cc cc
0x0000000066a6a070:   44 8b 42 08 4c 8b ca 45 85 c0 7e 0e 41 f6 c0 01
0x0000000066a6a080:   75 57 41 c1 f8 03 41 8b c0 c3 79 4d 80 3d de d7 


Register to memory mapping:

RAX=0x0000000000000001 is an unknown value
RBX=0x00000000fb96cd28 is an oop

[error occurred during error reporting (printing register info), id 0xc0000005]

Stack: [0x00000000149d0000,0x0000000014ad0000],  sp=0x0000000014acf608,  free space=1021k
Native frames: (J=compiled Java code, j=interpreted, Vv=VM code, C=native code)


---------------  P R O C E S S  ---------------

Java Threads: ( => current thread )
  0x0000000020d18000 JavaThread "ForkJoinPool.commonPool-worker-0" daemon [_thread_blocked, id=932, stack(0x0000000036050000,0x0000000036150000)]
  0x0000000020d17800 JavaThread "ForkJoinPool.commonPool-worker-7" daemon [_thread_blocked, id=5172, stack(0x0000000035f50000,0x0000000036050000)]
  0x000000001dac5800 JavaThread "ForkJoinPool.commonPool-worker-6" daemon [_thread_blocked, id=6708, stack(0x0000000035e50000,0x0000000035f50000)]
  0x000000001dac0000 JavaThread "ForkJoinPool.commonPool-worker-5" daemon [_thread_blocked, id=4764, stack(0x0000000035d50000,0x0000000035e50000)]
  0x000000001dabe800 JavaThread "Task worker for ':' Thread 3" [_thread_blocked, id=12596, stack(0x0000000035650000,0x0000000035750000)]
  0x000000001dabc800 JavaThread "Task worker for ':' Thread 2" [_thread_blocked, id=12356, stack(0x0000000035550000,0x0000000035650000)]
  0x000000001dabe000 JavaThread "Task worker for ':'" [_thread_blocked, id=8232, stack(0x0000000035450000,0x0000000035550000)]
  0x000000001dabb000 JavaThread "Cache worker for task history cache (E:\app\MyApplication\.gradle\4.1\taskHistory)" [_thread_blocked, id=13600, stack(0x0000000035350000,0x0000000035450000)]
  0x000000001daba000 JavaThread "Cache worker for file content cache (E:\app\MyApplication\.gradle\4.1\fileContent)" [_thread_blocked, id=3144, stack(0x0000000035250000,0x0000000035350000)]
  0x000000001dab8800 JavaThread "build operations Thread 4" [_thread_blocked, id=8008, stack(0x0000000035150000,0x0000000035250000)]
  0x000000002128e000 JavaThread "build operations Thread 3" [_thread_blocked, id=9856, stack(0x0000000035050000,0x0000000035150000)]
  0x000000002128c800 JavaThread "build operations Thread 2" [_thread_blocked, id=4960, stack(0x0000000034f50000,0x0000000035050000)]
  0x0000000021293000 JavaThread "build operations" [_thread_blocked, id=14784, stack(0x0000000034e50000,0x0000000034f50000)]
  0x000000002128d000 JavaThread "Cache worker for Artifact transforms cache (C:\Users\Administrator\.gradle\caches\transforms-1)" [_thread_blocked, id=12064, stack(0x0000000034d50000,0x0000000034e50000)]
  0x0000000021291800 JavaThread "Cache worker for file hash cache (E:\app\MyApplication\.gradle\4.1\fileHashes)" [_thread_blocked, id=5100, stack(0x0000000034c50000,0x0000000034d50000)]
  0x0000000021290000 JavaThread "Stdin handler" [_thread_blocked, id=892, stack(0x0000000034b50000,0x0000000034c50000)]
  0x0000000021285000 JavaThread "Asynchronous log dispatcher for DefaultDaemonConnection: socket connection from /127.0.0.1:58951 to /127.0.0.1:59884" [_thread_blocked, id=13100, stack(0x0000000034a50000,0x0000000034b50000)]
  0x0000000021289800 JavaThread "Daemon worker Thread 4" [_thread_blocked, id=12244, stack(0x0000000034950000,0x0000000034a50000)]
  0x0000000021288800 JavaThread "Cancel handler" [_thread_blocked, id=10716, stack(0x0000000034850000,0x0000000034950000)]
  0x0000000021284000 JavaThread "Handler for socket connection from /127.0.0.1:58951 to /127.0.0.1:59884" [_thread_in_native, id=4404, stack(0x0000000034750000,0x0000000034850000)]
  0x000000002128a000 JavaThread "Daemon Thread 4" [_thread_blocked, id=7380, stack(0x0000000034650000,0x0000000034750000)]
  0x000000001dabb800 JavaThread "Memory manager" [_thread_blocked, id=10436, stack(0x0000000022c20000,0x0000000022d20000)]
  0x000000001b867000 JavaThread "File lock request listener" [_thread_in_native, id=5308, stack(0x000000001ce10000,0x000000001cf10000)]
  0x000000001b808800 JavaThread "Cache worker for file hash cache (C:\Users\Administrator\.gradle\caches\4.1\fileHashes)" [_thread_blocked, id=14596, stack(0x000000001cd10000,0x000000001ce10000)]
  0x000000001b5ab000 JavaThread "Daemon periodic checks" [_thread_blocked, id=8980, stack(0x000000001c410000,0x000000001c510000)]
  0x000000001b58f800 JavaThread "Incoming local TCP Connector on port 58951" [_thread_in_native, id=15008, stack(0x000000001c270000,0x000000001c370000)]
  0x0000000019d85000 JavaThread "Service Thread" daemon [_thread_blocked, id=9544, stack(0x000000001a640000,0x000000001a740000)]
  0x0000000019d4c000 JavaThread "C1 CompilerThread2" daemon [_thread_blocked, id=14100, stack(0x000000001a540000,0x000000001a640000)]
  0x000000001887c000 JavaThread "C2 CompilerThread1" daemon [_thread_blocked, id=8336, stack(0x000000001a440000,0x000000001a540000)]
  0x00000000188c9000 JavaThread "C2 CompilerThread0" daemon [_thread_blocked, id=10876, stack(0x000000001a340000,0x000000001a440000)]
  0x00000000188c8800 JavaThread "Attach Listener" daemon [_thread_blocked, id=13484, stack(0x000000001a240000,0x000000001a340000)]
  0x0000000018866800 JavaThread "Signal Dispatcher" daemon [_thread_blocked, id=2436, stack(0x000000001a140000,0x000000001a240000)]
  0x0000000004efb000 JavaThread "Finalizer" daemon [_thread_blocked, id=7780, stack(0x0000000019ae0000,0x0000000019be0000)]
  0x0000000004ef0000 JavaThread "Reference Handler" daemon [_thread_blocked, id=9476, stack(0x00000000199e0000,0x0000000019ae0000)]
  0x0000000004e01000 JavaThread "main" [_thread_blocked, id=9764, stack(0x0000000004960000,0x0000000004a60000)]

Other Threads:
  0x0000000018834800 VMThread [stack: 0x00000000198e0000,0x00000000199e0000] [id=2576]
  0x0000000019d85800 WatcherThread [stack: 0x000000001a740000,0x000000001a840000] [id=6716]

=>0x0000000004e19800 (exited) GCTaskThread [stack: 0x00000000149d0000,0x0000000014ad0000] [id=7884]

VM state:at safepoint (normal execution)

VM Mutex/Monitor currently owned by a thread:  ([mutex/lock_event])
[0x0000000004a6bfa0] Threads_lock - owner thread: 0x0000000018834800
[0x0000000004a6c220] Heap_lock - owner thread: 0x000000001dac5800

Heap:
 PSYoungGen      total 320512K, used 320510K [0x00000000e0000000, 0x0000000100000000, 0x0000000100000000)
  eden space 182272K, 100% used [0x00000000e0000000,0x00000000eb200000,0x00000000eb200000)
  from space 138240K, 99% used [0x00000000f7900000,0x00000000fffff940,0x0000000100000000)
  to   space 171008K, 81% used [0x00000000eb200000,0x00000000f3a31240,0x00000000f5900000)
 ParOldGen       total 613376K, used 425790K [0x00000000a0000000, 0x00000000c5700000, 0x00000000e0000000)
  object space 613376K, 69% used [0x00000000a0000000,0x00000000b9fcfb78,0x00000000c5700000)
 Metaspace       used 102482K, capacity 107542K, committed 107864K, reserved 1142784K
  class space    used 12571K, capacity 13629K, committed 13696K, reserved 1048576K

Card table byte_map: [0x00000000142c0000,0x00000000145d0000] byte_map_base: 0x0000000013dc0000

Marking Bits: (ParMarkBitMap*) 0x00000000671a18f0
 Begin Bits: [0x0000000014bd0000, 0x00000000163d0000)
 End Bits:   [0x00000000163d0000, 0x0000000017bd0000)

Polling page: 0x0000000003190000

CodeCache: size=245760Kb used=75058Kb max_used=75058Kb free=170701Kb
 bounds [0x0000000004f00000, 0x0000000009940000, 0x0000000013f00000]
 total_blobs=20363 nmethods=19501 adapters=772
 compilation: enabled

Compilation events (10 events):
Event: 566.414 Thread 0x0000000019d4c000 nmethod 26660 0x0000000005169b50 code [0x0000000005169d20, 0x000000000516a528]
Event: 566.419 Thread 0x0000000019d4c000 26661       3       java.util.ComparableTimSort::pushRun (31 bytes)
Event: 566.419 Thread 0x0000000019d4c000 nmethod 26661 0x0000000005aba990 code [0x0000000005abab00, 0x0000000005abacb0]
Event: 566.419 Thread 0x000000001887c000 26662 %     4       com.android.dx.merge.DexMerger$IdMerger::mergeUnsorted @ 173 (272 bytes)
Event: 566.422 Thread 0x0000000019d4c000 26663       3       java.util.ComparableTimSort::mergeCollapse (101 bytes)
Event: 566.423 Thread 0x0000000019d4c000 nmethod 26663 0x00000000094a4790 code [0x00000000094a4920, 0x00000000094a4d38]
Event: 566.424 Thread 0x0000000019d4c000 26666       3       com.android.dx.merge.DexMerger::transformStaticValues (47 bytes)
Event: 566.425 Thread 0x0000000019d4c000 nmethod 26666 0x0000000007e50990 code [0x0000000007e50be0, 0x0000000007e51cf8]
Event: 566.425 Thread 0x0000000019d4c000 26667       3       com.android.dx.merge.IndexMap::adjustEncodedArray (44 bytes)
Event: 566.425 Thread 0x0000000019d4c000 nmethod 26667 0x0000000009249450 code [0x0000000009249660, 0x000000000924a248]

GC Heap History (10 events):
Event: 271.135 GC heap after
Heap after GC invocations=68 (full 8):
 PSYoungGen      total 384512K, used 11313K [0x00000000e0000000, 0x00000000fea00000, 0x0000000100000000)
  eden space 285696K, 0% used [0x00000000e0000000,0x00000000e0000000,0x00000000f1700000)
  from space 98816K, 11% used [0x00000000f8980000,0x00000000f948c438,0x00000000fea00000)
  to   space 108032K, 0% used [0x00000000f1700000,0x00000000f1700000,0x00000000f8080000)
 ParOldGen       total 613376K, used 414478K [0x00000000a0000000, 0x00000000c5700000, 0x00000000e0000000)
  object space 613376K, 67% used [0x00000000a0000000,0x00000000b94c3938,0x00000000c5700000)
 Metaspace       used 94622K, capacity 99072K, committed 99416K, reserved 1136640K
  class space    used 11634K, capacity 12562K, committed 12672K, reserved 1048576K
}
Event: 537.304 GC heap before
{Heap before GC invocations=69 (full 8):
 PSYoungGen      total 384512K, used 296998K [0x00000000e0000000, 0x00000000fea00000, 0x0000000100000000)
  eden space 285696K, 99% used [0x00000000e0000000,0x00000000f16fd638,0x00000000f1700000)
  from space 98816K, 11% used [0x00000000f8980000,0x00000000f948c438,0x00000000fea00000)
  to   space 108032K, 0% used [0x00000000f1700000,0x00000000f1700000,0x00000000f8080000)
 ParOldGen       total 613376K, used 414478K [0x00000000a0000000, 0x00000000c5700000, 0x00000000e0000000)
  object space 613376K, 67% used [0x00000000a0000000,0x00000000b94c3938,0x00000000c5700000)
 Metaspace       used 97126K, capacity 102006K, committed 102360K, reserved 1138688K
  class space    used 11927K, capacity 12937K, committed 13056K, reserved 1048576K
Event: 537.662 GC heap after
Heap after GC invocations=69 (full 8):
 PSYoungGen      total 393728K, used 14231K [0x00000000e0000000, 0x00000000fea80000, 0x0000000100000000)
  eden space 285696K, 0% used [0x00000000e0000000,0x00000000e0000000,0x00000000f1700000)
  from space 108032K, 13% used [0x00000000f1700000,0x00000000f24e5d70,0x00000000f8080000)
  to   space 101376K, 0% used [0x00000000f8780000,0x00000000f8780000,0x00000000fea80000)
 ParOldGen       total 613376K, used 414486K [0x00000000a0000000, 0x00000000c5700000, 0x00000000e0000000)
  object space 613376K, 67% used [0x00000000a0000000,0x00000000b94c5938,0x00000000c5700000)
 Metaspace       used 97126K, capacity 102006K, committed 102360K, reserved 1138688K
  class space    used 11927K, capacity 12937K, committed 13056K, reserved 1048576K
}
Event: 540.954 GC heap before
{Heap before GC invocations=70 (full 8):
 PSYoungGen      total 393728K, used 299927K [0x00000000e0000000, 0x00000000fea80000, 0x0000000100000000)
  eden space 285696K, 100% used [0x00000000e0000000,0x00000000f1700000,0x00000000f1700000)
  from space 108032K, 13% used [0x00000000f1700000,0x00000000f24e5d70,0x00000000f8080000)
  to   space 101376K, 0% used [0x00000000f8780000,0x00000000f8780000,0x00000000fea80000)
 ParOldGen       total 613376K, used 414486K [0x00000000a0000000, 0x00000000c5700000, 0x00000000e0000000)
  object space 613376K, 67% used [0x00000000a0000000,0x00000000b94c5938,0x00000000c5700000)
 Metaspace       used 101873K, capacity 106892K, committed 106968K, reserved 1142784K
  class space    used 12511K, capacity 13550K, committed 13568K, reserved 1048576K
Event: 541.729 GC heap after
Heap after GC invocations=70 (full 8):
 PSYoungGen      total 380416K, used 99660K [0x00000000e0000000, 0x0000000100000000, 0x0000000100000000)
  eden space 279040K, 0% used [0x00000000e0000000,0x00000000e0000000,0x00000000f1080000)
  from space 101376K, 98% used [0x00000000f8780000,0x00000000fe8d30e0,0x00000000fea80000)
  to   space 121856K, 0% used [0x00000000f1080000,0x00000000f1080000,0x00000000f8780000)
 ParOldGen       total 613376K, used 414494K [0x00000000a0000000, 0x00000000c5700000, 0x00000000e0000000)
  object space 613376K, 67% used [0x00000000a0000000,0x00000000b94c7938,0x00000000c5700000)
 Metaspace       used 101873K, capacity 106892K, committed 106968K, reserved 1142784K
  class space    used 12511K, capacity 13550K, committed 13568K, reserved 1048576K
}
Event: 543.224 GC heap before
{Heap before GC invocations=71 (full 8):
 PSYoungGen      total 380416K, used 378700K [0x00000000e0000000, 0x0000000100000000, 0x0000000100000000)
  eden space 279040K, 100% used [0x00000000e0000000,0x00000000f1080000,0x00000000f1080000)
  from space 101376K, 98% used [0x00000000f8780000,0x00000000fe8d30e0,0x00000000fea80000)
  to   space 121856K, 0% used [0x00000000f1080000,0x00000000f1080000,0x00000000f8780000)
 ParOldGen       total 613376K, used 414494K [0x00000000a0000000, 0x00000000c5700000, 0x00000000e0000000)
  object space 613376K, 67% used [0x00000000a0000000,0x00000000b94c7938,0x00000000c5700000)
 Metaspace       used 102207K, capacity 107244K, committed 107608K, reserved 1142784K
  class space    used 12545K, capacity 13582K, committed 13696K, reserved 1048576K
Event: 543.637 GC heap after
Heap after GC invocations=71 (full 8):
 PSYoungGen      total 386048K, used 106886K [0x00000000e0000000, 0x0000000100000000, 0x0000000100000000)
  eden space 279040K, 0% used [0x00000000e0000000,0x00000000e0000000,0x00000000f1080000)
  from space 107008K, 99% used [0x00000000f1080000,0x00000000f78e1a68,0x00000000f7900000)
  to   space 138240K, 0% used [0x00000000f7900000,0x00000000f7900000,0x0000000100000000)
 ParOldGen       total 613376K, used 414526K [0x00000000a0000000, 0x00000000c5700000, 0x00000000e0000000)
  object space 613376K, 67% used [0x00000000a0000000,0x00000000b94cf938,0x00000000c5700000)
 Metaspace       used 102207K, capacity 107244K, committed 107608K, reserved 1142784K
  class space    used 12545K, capacity 13582K, committed 13696K, reserved 1048576K
}
Event: 547.665 GC heap before
{Heap before GC invocations=72 (full 8):
 PSYoungGen      total 386048K, used 385926K [0x00000000e0000000, 0x0000000100000000, 0x0000000100000000)
  eden space 279040K, 100% used [0x00000000e0000000,0x00000000f1080000,0x00000000f1080000)
  from space 107008K, 99% used [0x00000000f1080000,0x00000000f78e1a68,0x00000000f7900000)
  to   space 138240K, 0% used [0x00000000f7900000,0x00000000f7900000,0x0000000100000000)
 ParOldGen       total 613376K, used 414526K [0x00000000a0000000, 0x00000000c5700000, 0x00000000e0000000)
  object space 613376K, 67% used [0x00000000a0000000,0x00000000b94cf938,0x00000000c5700000)
 Metaspace       used 102371K, capacity 107404K, committed 107608K, reserved 1142784K
  class space    used 12554K, capacity 13614K, committed 13696K, reserved 1048576K
Event: 547.883 GC heap after
Heap after GC invocations=72 (full 8):
 PSYoungGen      total 320512K, used 138238K [0x00000000e0000000, 0x0000000100000000, 0x0000000100000000)
  eden space 182272K, 0% used [0x00000000e0000000,0x00000000e0000000,0x00000000eb200000)
  from space 138240K, 99% used [0x00000000f7900000,0x00000000fffff940,0x0000000100000000)
  to   space 171008K, 0% used [0x00000000eb200000,0x00000000eb200000,0x00000000f5900000)
 ParOldGen       total 613376K, used 425147K [0x00000000a0000000, 0x00000000c5700000, 0x00000000e0000000)
  object space 613376K, 69% used [0x00000000a0000000,0x00000000b9f2efa8,0x00000000c5700000)
 Metaspace       used 102371K, capacity 107404K, committed 107608K, reserved 1142784K
  class space    used 12554K, capacity 13614K, committed 13696K, reserved 1048576K
}
Event: 566.430 GC heap before
{Heap before GC invocations=73 (full 8):
 PSYoungGen      total 320512K, used 320510K [0x00000000e0000000, 0x0000000100000000, 0x0000000100000000)
  eden space 182272K, 100% used [0x00000000e0000000,0x00000000eb200000,0x00000000eb200000)
  from space 138240K, 99% used [0x00000000f7900000,0x00000000fffff940,0x0000000100000000)
  to   space 171008K, 0% used [0x00000000eb200000,0x00000000eb200000,0x00000000f5900000)
 ParOldGen       total 613376K, used 425147K [0x00000000a0000000, 0x00000000c5700000, 0x00000000e0000000)
  object space 613376K, 69% used [0x00000000a0000000,0x00000000b9f2efa8,0x00000000c5700000)
 Metaspace       used 102482K, capacity 107542K, committed 107864K, reserved 1142784K
  class space    used 12571K, capacity 13629K, committed 13696K, reserved 1048576K

Deoptimization events (10 events):
Event: 548.086 Thread 0x000000001dabe000 Uncommon trap: reason=unstable_if action=reinterpret pc=0x00000000097ec14c method=java.lang.Integer.equals(Ljava/lang/Object;)Z @ 18
Event: 548.140 Thread 0x000000001dabe000 Uncommon trap: reason=bimorphic action=maybe_recompile pc=0x00000000075c2570 method=java.lang.StringCoding.encode(Ljava/nio/charset/Charset;[CII)[B @ 1
Event: 548.345 Thread 0x000000001dabe000 Uncommon trap: reason=bimorphic action=maybe_recompile pc=0x00000000075c2570 method=java.lang.StringCoding.encode(Ljava/nio/charset/Charset;[CII)[B @ 1
Event: 548.383 Thread 0x000000001dabe000 Uncommon trap: reason=unstable_if action=reinterpret pc=0x000000000518511c method=java.io.WinNTFileSystem.resolve(Ljava/lang/String;Ljava/lang/String;)Ljava/lang/String; @ 36
Event: 563.903 Thread 0x000000001dabe000 Uncommon trap: reason=bimorphic action=maybe_recompile pc=0x00000000075c2570 method=java.lang.StringCoding.encode(Ljava/nio/charset/Charset;[CII)[B @ 1
Event: 564.504 Thread 0x0000000020d18000 Uncommon trap: reason=unloaded action=reinterpret pc=0x0000000008233564 method=org.objectweb.asm.ClassReader.readConst(I[C)Ljava/lang/Object; @ 122
Event: 566.423 Thread 0x000000001dac5800 Uncommon trap: reason=array_check action=maybe_recompile pc=0x0000000008c287ac method=java.util.TimSort.mergeLo(IIII)V @ 81
Event: 566.424 Thread 0x0000000020d18000 Uncommon trap: reason=array_check action=maybe_recompile pc=0x0000000008c287ac method=java.util.TimSort.mergeLo(IIII)V @ 81
Event: 566.424 Thread 0x0000000020d18000 Uncommon trap: reason=array_check action=maybe_recompile pc=0x0000000008c287ac method=java.util.TimSort.mergeLo(IIII)V @ 81
Event: 566.424 Thread 0x0000000020d18000 Uncommon trap: reason=array_check action=maybe_recompile pc=0x0000000008c287ac method=java.util.TimSort.mergeLo(IIII)V @ 81

Internal exceptions (10 events):
Event: 551.321 Thread 0x000000001dabe000 Exception <a 'sun/nio/fs/WindowsException'> (0x00000000e14ae3f0) thrown at [C:\src\android\AOSP-openjdk\external\jetbrains\jdk\hotspot\src\share\vm\prims\jni.cpp, line 709]
Event: 551.322 Thread 0x000000001dac0000 Exception <a 'sun/nio/fs/WindowsException'> (0x00000000e167baa8) thrown at [C:\src\android\AOSP-openjdk\external\jetbrains\jdk\hotspot\src\share\vm\prims\jni.cpp, line 709]
Event: 551.322 Thread 0x000000001dabe000 Exception <a 'sun/nio/fs/WindowsException'> (0x00000000e14af730) thrown at [C:\src\android\AOSP-openjdk\external\jetbrains\jdk\hotspot\src\share\vm\prims\jni.cpp, line 709]
Event: 551.322 Thread 0x000000001dabe000 Exception <a 'sun/nio/fs/WindowsException'> (0x00000000e14aff38) thrown at [C:\src\android\AOSP-openjdk\external\jetbrains\jdk\hotspot\src\share\vm\prims\jni.cpp, line 709]
Event: 551.322 Thread 0x000000001dac0000 Exception <a 'sun/nio/fs/WindowsException'> (0x00000000e167c2f8) thrown at [C:\src\android\AOSP-openjdk\external\jetbrains\jdk\hotspot\src\share\vm\prims\jni.cpp, line 709]
Event: 551.325 Thread 0x000000001dac0000 Exception <a 'sun/nio/fs/WindowsException'> (0x00000000e167e250) thrown at [C:\src\android\AOSP-openjdk\external\jetbrains\jdk\hotspot\src\share\vm\prims\jni.cpp, line 709]
Event: 551.325 Thread 0x000000001dac5800 Exception <a 'sun/nio/fs/WindowsException'> (0x00000000e16c49b8) thrown at [C:\src\android\AOSP-openjdk\external\jetbrains\jdk\hotspot\src\share\vm\prims\jni.cpp, line 709]
Event: 565.644 Thread 0x000000001dac5800 Exception <a 'sun/nio/fs/WindowsException'> (0x00000000e5e43e48) thrown at [C:\src\android\AOSP-openjdk\external\jetbrains\jdk\hotspot\src\share\vm\prims\jni.cpp, line 709]
Event: 565.677 Thread 0x0000000020d17800 Exception <a 'sun/nio/fs/WindowsException'> (0x00000000e6397008) thrown at [C:\src\android\AOSP-openjdk\external\jetbrains\jdk\hotspot\src\share\vm\prims\jni.cpp, line 709]
Event: 565.781 Thread 0x000000001dac0000 Exception <a 'sun/nio/fs/WindowsException'> (0x00000000e81b8fc8) thrown at [C:\src\android\AOSP-openjdk\external\jetbrains\jdk\hotspot\src\share\vm\prims\jni.cpp, line 709]

Events (10 events):
Event: 566.424 Thread 0x0000000020d18000 DEOPT PACKING pc=0x0000000008c287ac sp=0x000000003614ec70
Event: 566.424 Thread 0x0000000020d18000 DEOPT UNPACKING pc=0x0000000004f4556a sp=0x000000003614ec68 mode 2
Event: 566.424 Thread 0x0000000020d18000 Uncommon trap: trap_request=0xffffffd6 fr.pc=0x0000000008c287ac
Event: 566.424 Thread 0x0000000020d18000 DEOPT PACKING pc=0x0000000008c287ac sp=0x000000003614ec70
Event: 566.424 Thread 0x0000000020d18000 DEOPT UNPACKING pc=0x0000000004f4556a sp=0x000000003614ec68 mode 2
Event: 566.424 Thread 0x0000000020d18000 Uncommon trap: trap_request=0xffffffd6 fr.pc=0x0000000008c287ac
Event: 566.424 Thread 0x0000000020d18000 DEOPT PACKING pc=0x0000000008c287ac sp=0x000000003614ec70
Event: 566.424 Thread 0x0000000020d18000 DEOPT UNPACKING pc=0x0000000004f4556a sp=0x000000003614ec68 mode 2
Event: 566.424 Thread 0x000000001dac5800 DEOPT UNPACKING pc=0x0000000004f4556a sp=0x0000000035f4e6e8 mode 2
Event: 566.429 Executing VM operation: ParallelGCFailedAllocation


Dynamic libraries:
0x00007ff6cc800000 - 0x00007ff6cc831000 	C:\Program Files\Android\Android Studio\jre\bin\java.exe
0x00007ff96a900000 - 0x00007ff96aae0000 	C:\Windows\SYSTEM32\ntdll.dll
0x00007ff96a4b0000 - 0x00007ff96a55e000 	C:\Windows\System32\KERNEL32.DLL
0x00007ff967b60000 - 0x00007ff967dc6000 	C:\Windows\System32\KERNELBASE.dll
0x00007ff968b60000 - 0x00007ff968c01000 	C:\Windows\System32\ADVAPI32.dll
0x00007ff967f70000 - 0x00007ff96800d000 	C:\Windows\System32\msvcrt.dll
0x00007ff96a0a0000 - 0x00007ff96a0fb000 	C:\Windows\System32\sechost.dll
0x00007ff96a280000 - 0x00007ff96a39f000 	C:\Windows\System32\RPCRT4.dll
0x00007ff9680d0000 - 0x00007ff96825f000 	C:\Windows\System32\USER32.dll
0x00007ff967570000 - 0x00007ff967590000 	C:\Windows\System32\win32u.dll
0x00007ff96a250000 - 0x00007ff96a278000 	C:\Windows\System32\GDI32.dll
0x00007ff9676e0000 - 0x00007ff967873000 	C:\Windows\System32\gdi32full.dll
0x00007ff966d80000 - 0x00007ff966e1b000 	C:\Windows\System32\msvcp_win.dll
0x00007ff9675e0000 - 0x00007ff9676d5000 	C:\Windows\System32\ucrtbase.dll
0x00007ff95ac10000 - 0x00007ff95ae79000 	C:\Windows\WinSxS\amd64_microsoft.windows.common-controls_6595b64144ccf1df_6.0.16299.820_none_15c6db6093667967\COMCTL32.dll
0x00007ff968260000 - 0x00007ff968566000 	C:\Windows\System32\combase.dll
0x00007ff966d00000 - 0x00007ff966d72000 	C:\Windows\System32\bcryptPrimitives.dll
0x00007ff96a060000 - 0x00007ff96a08d000 	C:\Windows\System32\IMM32.DLL
0x0000000066900000 - 0x00000000669d2000 	C:\Program Files\Android\Android Studio\jre\jre\bin\msvcr100.dll
0x00000000669e0000 - 0x000000006721c000 	C:\Program Files\Android\Android Studio\jre\jre\bin\server\jvm.dll
0x00007ff96a050000 - 0x00007ff96a058000 	C:\Windows\System32\PSAPI.DLL
0x00007ff956660000 - 0x00007ff956669000 	C:\Windows\SYSTEM32\WSOCK32.dll
0x00007ff965900000 - 0x00007ff96590a000 	C:\Windows\SYSTEM32\VERSION.dll
0x00007ff964a80000 - 0x00007ff964aa3000 	C:\Windows\SYSTEM32\WINMM.dll
0x00007ff96a560000 - 0x00007ff96a5cc000 	C:\Windows\System32\WS2_32.dll
0x00007ff964750000 - 0x00007ff96477a000 	C:\Windows\SYSTEM32\winmmbase.dll
0x00007ff967590000 - 0x00007ff9675da000 	C:\Windows\System32\cfgmgr32.dll
0x00007ff964bd0000 - 0x00007ff964bdf000 	C:\Program Files\Android\Android Studio\jre\jre\bin\verify.dll
0x00007ff963760000 - 0x00007ff963789000 	C:\Program Files\Android\Android Studio\jre\jre\bin\java.dll
0x00007ff95fed0000 - 0x00007ff95fee6000 	C:\Program Files\Android\Android Studio\jre\jre\bin\zip.dll
0x00007ff968c10000 - 0x00007ff96a048000 	C:\Windows\System32\SHELL32.dll
0x00007ff96a5d0000 - 0x00007ff96a676000 	C:\Windows\System32\shcore.dll
0x00007ff966e20000 - 0x00007ff967567000 	C:\Windows\System32\windows.storage.dll
0x00007ff968010000 - 0x00007ff968061000 	C:\Windows\System32\shlwapi.dll
0x00007ff966ce0000 - 0x00007ff966cf1000 	C:\Windows\System32\kernel.appcore.dll
0x00007ff966c50000 - 0x00007ff966c9c000 	C:\Windows\System32\powrprof.dll
0x00007ff966ca0000 - 0x00007ff966cbb000 	C:\Windows\System32\profapi.dll
0x00007ff95feb0000 - 0x00007ff95feca000 	C:\Program Files\Android\Android Studio\jre\jre\bin\net.dll
0x00007ff966450000 - 0x00007ff9664b6000 	C:\Windows\system32\mswsock.dll
0x00007ff95fe90000 - 0x00007ff95fea1000 	C:\Program Files\Android\Android Studio\jre\jre\bin\nio.dll
0x00007ff959aa0000 - 0x00007ff959abe000 	C:\Users\Administrator\.gradle\native\25\windows-amd64\native-platform.dll
0x00007ff95fca0000 - 0x00007ff95fcad000 	C:\Program Files\Android\Android Studio\jre\jre\bin\management.dll
0x00007ff966610000 - 0x00007ff966627000 	C:\Windows\SYSTEM32\CRYPTSP.dll
0x00007ff966050000 - 0x00007ff966083000 	C:\Windows\system32\rsaenh.dll
0x00007ff966720000 - 0x00007ff966745000 	C:\Windows\SYSTEM32\bcrypt.dll
0x00007ff966b80000 - 0x00007ff966ba9000 	C:\Windows\SYSTEM32\USERENV.dll
0x00007ff966630000 - 0x00007ff96663b000 	C:\Windows\SYSTEM32\CRYPTBASE.dll
0x00007ff9661e0000 - 0x00007ff966219000 	C:\Windows\SYSTEM32\IPHLPAPI.DLL
0x00007ff96a090000 - 0x00007ff96a098000 	C:\Windows\System32\NSI.dll
0x00007ff961d70000 - 0x00007ff961d86000 	C:\Windows\SYSTEM32\dhcpcsvc6.DLL
0x00007ff961ab0000 - 0x00007ff961aca000 	C:\Windows\SYSTEM32\dhcpcsvc.DLL
0x00007ff965d50000 - 0x00007ff965d81000 	C:\Windows\SYSTEM32\ntmarta.dll
0x00007ff9449d0000 - 0x00007ff944b98000 	C:\Windows\SYSTEM32\dbghelp.dll

VM Arguments:
jvm_args: -Xmx1536m -Dfile.encoding=GBK -Duser.country=CN -Duser.language=zh -Duser.variant 
java_command: org.gradle.launcher.daemon.bootstrap.GradleDaemon 4.1
java_class_path (initial): C:\Users\Administrator\.gradle\wrapper\dists\gradle-4.1-all\bzyivzo6n839fup2jbap0tjew\gradle-4.1\lib\gradle-launcher-4.1.jar
Launcher Type: SUN_STANDARD

Environment Variables:
PATH=C:\ProgramData\Oracle\Java\javapath;C:\Windows\system32;C:\Windows;C:\Windows\System32\Wbem;C:\Windows\System32\WindowsPowerShell\v1.0\;C:\Program Files (x86)\NVIDIA Corporation\PhysX\Common;C:\Program Files\Java\jdk1.8.0_191;C:\Program Files\Java\jre1.8.0_191;C:\Users\Administrator\AppData\Local\Microsoft\WindowsApps;
USERNAME=Administrator
OS=Windows_NT
PROCESSOR_IDENTIFIER=Intel64 Family 6 Model 58 Stepping 9, GenuineIntel



---------------  S Y S T E M  ---------------

OS: Windows 10.0 , 64 bit Build 16299 (10.0.16299.431)

CPU:total 4 (4 cores per cpu, 1 threads per core) family 6 model 58 stepping 9, cmov, cx8, fxsr, mmx, sse, sse2, sse3, ssse3, sse4.1, sse4.2, popcnt, avx, aes, clmul, erms, tsc, tscinvbit, tscinv

Memory: 4k page, physical 4156916k(565468k free), swap 11598208k(2417784k free)

vm_info: OpenJDK 64-Bit Server VM (25.112-b06) for windows-amd64 JRE (1.8.0_112-release-b06), built on Dec  8 2016 00:54:26 by "builder" with MS VC++ 10.0 (VS2010)

time: Mon Dec 17 17:21:49 2018
elapsed time: 566 seconds (0d 0h 9m 26s)

