#
# A fatal error has been detected by the Java Runtime Environment:
#
#  EXCEPTION_ACCESS_VIOLATION (0xc0000005) at pc=0x000000005b5ca070, pid=2748, tid=0x00000000000028b0
#
# JRE version: OpenJDK Runtime Environment (8.0_112-b06) (build 1.8.0_112-release-b06)
# Java VM: OpenJDK 64-Bit Server VM (25.112-b06 mixed mode windows-amd64 compressed oops)
# Problematic frame:
# V  [jvm.dll+0x8a070]
#
# Failed to write core dump. Minidumps are not enabled by default on client versions of Windows
#
# If you would like to submit a bug report, please visit:
#   http://bugreport.java.com/bugreport/crash.jsp
#

---------------  T H R E A D  ---------------

Current thread (0x00000000050a9800):  GCTaskThread [stack: 0x0000000014c60000,0x0000000014d60000] [id=10416]

siginfo: ExceptionCode=0xc0000005, reading address 0x0000000102ad3a00

Registers:
RAX=0x0000000000000001, RBX=0x00000000f28a8d28, RCX=0x00000000f28a8d28, RDX=0x0000000102ad39f8
RSP=0x0000000014d5f5d8, RBP=0x000000001468f301, RSI=0x000000000517af40, RDI=0x00000000c7e60000
R8 =0x000000000517af40, R9 =0x00000000fbb718c8, R10=0x000000000000000c, R11=0x000000000000000c
R12=0x000000001468f281, R13=0x0000000000000065, R14=0x0000000000000000, R15=0x000000000509c880
RIP=0x000000005b5ca070, EFLAGS=0x0000000000010202

Top of Stack: (sp=0x0000000014d5f5d8)
0x0000000014d5f5d8:   000000005b90ac22 00000000f28a8cd8
0x0000000014d5f5e8:   000000000517af40 000000000517af40
0x0000000014d5f5f8:   00000000f30854dc 00000000fbb70888
0x0000000014d5f608:   0000000000001000 00000000cb8c0738
0x0000000014d5f618:   0000000000000400 0000000000000000
0x0000000014d5f628:   000000000517af00 000000001468f281
0x0000000014d5f638:   000000005b90af90 00000000fbb7383c
0x0000000014d5f648:   000000001468f301 000000000517af40
0x0000000014d5f658:   00000000c7e60000 00000000fbb7383c
0x0000000014d5f668:   000000005b90bb35 00000000f2b20c08
0x0000000014d5f678:   000000001468f301 000000000517af40
0x0000000014d5f688:   0000000000000003 000000000517af40
0x0000000014d5f698:   000000005b60616a 00000000a1ed315c
0x0000000014d5f6a8:   000000005b62ed77 000000000517af40
0x0000000014d5f6b8:   000000005b62cf83 00000000c7997c45
0x0000000014d5f6c8:   00000000c7997c45 00000000c7e55df0 

Instructions: (pc=0x000000005b5ca070)
0x000000005b5ca050:   1c 42 1d 00 48 8b 9c 24 c0 00 00 00 48 81 c4 b0
0x000000005b5ca060:   00 00 00 5d c3 cc cc cc cc cc cc cc cc cc cc cc
0x000000005b5ca070:   44 8b 42 08 4c 8b ca 45 85 c0 7e 0e 41 f6 c0 01
0x000000005b5ca080:   75 57 41 c1 f8 03 41 8b c0 c3 79 4d 80 3d de d7 


Register to memory mapping:

RAX=0x0000000000000001 is an unknown value
RBX=0x00000000f28a8d28 is an oop

[error occurred during error reporting (printing register info), id 0xc0000005]

Stack: [0x0000000014c60000,0x0000000014d60000],  sp=0x0000000014d5f5d8,  free space=1021k
Native frames: (J=compiled Java code, j=interpreted, Vv=VM code, C=native code)
V  [jvm.dll+0x8a070]


---------------  P R O C E S S  ---------------

Java Threads: ( => current thread )
  0x000000001ef0c800 JavaThread "ForkJoinPool.commonPool-worker-3" daemon [_thread_blocked, id=14300, stack(0x000000006da80000,0x000000006db80000)]
  0x000000001d9dd800 JavaThread "Task worker for ':' Thread 3" [_thread_blocked, id=13144, stack(0x000000006d380000,0x000000006d480000)]
  0x000000001d9e2000 JavaThread "Task worker for ':' Thread 2" [_thread_blocked, id=12352, stack(0x000000006d280000,0x000000006d380000)]
  0x000000001d9e0000 JavaThread "Task worker for ':'" [_thread_blocked, id=12360, stack(0x000000006d180000,0x000000006d280000)]
  0x0000000026447000 JavaThread "Cache worker for task history cache (E:\app\MyApplication\.gradle\4.1\taskHistory)" [_thread_blocked, id=11008, stack(0x000000006d080000,0x000000006d180000)]
  0x0000000026446000 JavaThread "Cache worker for file content cache (E:\app\MyApplication\.gradle\4.1\fileContent)" [_thread_blocked, id=12660, stack(0x000000006cf80000,0x000000006d080000)]
  0x000000002644d000 JavaThread "build operations Thread 4" [_thread_blocked, id=12780, stack(0x000000006ce80000,0x000000006cf80000)]
  0x0000000026449000 JavaThread "build operations Thread 3" [_thread_blocked, id=944, stack(0x000000006cd80000,0x000000006ce80000)]
  0x0000000026448800 JavaThread "build operations Thread 2" [_thread_blocked, id=12324, stack(0x000000006cc80000,0x000000006cd80000)]
  0x0000000026445800 JavaThread "build operations" [_thread_blocked, id=1752, stack(0x000000006cb80000,0x000000006cc80000)]
  0x0000000026441000 JavaThread "Cache worker for Artifact transforms cache (C:\Users\Administrator\.gradle\caches\transforms-1)" [_thread_blocked, id=5520, stack(0x000000006ca80000,0x000000006cb80000)]
  0x0000000026444800 JavaThread "Cache worker for file hash cache (E:\app\MyApplication\.gradle\4.1\fileHashes)" [_thread_blocked, id=13112, stack(0x000000006c980000,0x000000006ca80000)]
  0x0000000026444000 JavaThread "Stdin handler" [_thread_blocked, id=13656, stack(0x000000006c880000,0x000000006c980000)]
  0x0000000026443000 JavaThread "Asynchronous log dispatcher for DefaultDaemonConnection: socket connection from /127.0.0.1:56991 to /127.0.0.1:61127" [_thread_blocked, id=12776, stack(0x000000006c780000,0x000000006c880000)]
  0x0000000026441800 JavaThread "Daemon worker Thread 18" [_thread_blocked, id=13212, stack(0x000000006c680000,0x000000006c780000)]
  0x0000000026ba1800 JavaThread "Cancel handler" [_thread_blocked, id=13328, stack(0x000000006c580000,0x000000006c680000)]
  0x0000000026ba0000 JavaThread "Handler for socket connection from /127.0.0.1:56991 to /127.0.0.1:61127" [_thread_in_native, id=9152, stack(0x000000006c480000,0x000000006c580000)]
  0x0000000026b95000 JavaThread "Daemon Thread 18" [_thread_blocked, id=13248, stack(0x000000006c380000,0x000000006c480000)]
  0x000000001db03800 JavaThread "Memory manager" [_thread_blocked, id=9872, stack(0x0000000022ef0000,0x0000000022ff0000)]
  0x000000001c01b800 JavaThread "File lock request listener" [_thread_in_native, id=756, stack(0x000000001d200000,0x000000001d300000)]
  0x000000001c03c800 JavaThread "Cache worker for file hash cache (C:\Users\Administrator\.gradle\caches\4.1\fileHashes)" [_thread_blocked, id=11724, stack(0x000000001cf00000,0x000000001d000000)]
  0x000000001bc85000 JavaThread "Daemon periodic checks" [_thread_blocked, id=7648, stack(0x000000001c600000,0x000000001c700000)]
  0x000000001b398800 JavaThread "Incoming local TCP Connector on port 56991" [_thread_in_native, id=2552, stack(0x000000001c460000,0x000000001c560000)]
  0x000000001a1af000 JavaThread "Service Thread" daemon [_thread_blocked, id=6264, stack(0x000000001a850000,0x000000001a950000)]
  0x000000001a1a7800 JavaThread "C1 CompilerThread2" daemon [_thread_blocked, id=7008, stack(0x000000001a750000,0x000000001a850000)]
  0x000000001a1a0800 JavaThread "C2 CompilerThread1" daemon [_thread_blocked, id=5224, stack(0x000000001a650000,0x000000001a750000)]
  0x0000000018b0b800 JavaThread "C2 CompilerThread0" daemon [_thread_blocked, id=1180, stack(0x000000001a550000,0x000000001a650000)]
  0x0000000018b0a800 JavaThread "Attach Listener" daemon [_thread_blocked, id=10760, stack(0x000000001a050000,0x000000001a150000)]
  0x0000000018b5e000 JavaThread "Signal Dispatcher" daemon [_thread_blocked, id=11576, stack(0x0000000019f50000,0x000000001a050000)]
  0x000000000518b000 JavaThread "Finalizer" daemon [_thread_blocked, id=1516, stack(0x0000000019d50000,0x0000000019e50000)]
  0x0000000018ac7000 JavaThread "Reference Handler" daemon [_thread_blocked, id=1784, stack(0x0000000019c50000,0x0000000019d50000)]
  0x0000000005091000 JavaThread "main" [_thread_blocked, id=11796, stack(0x0000000004f90000,0x0000000005090000)]

Other Threads:
  0x0000000018ac4800 VMThread [stack: 0x0000000019b50000,0x0000000019c50000] [id=5668]
  0x000000001a1b0000 WatcherThread [stack: 0x000000001a950000,0x000000001aa50000] [id=4356]

=>0x00000000050a9800 (exited) GCTaskThread [stack: 0x0000000014c60000,0x0000000014d60000] [id=10416]

VM state:at safepoint (normal execution)

VM Mutex/Monitor currently owned by a thread:  ([mutex/lock_event])
[0x0000000004f8c1a0] Threads_lock - owner thread: 0x0000000018ac4800
[0x0000000004f8bd20] Heap_lock - owner thread: 0x000000001d9e0000

Heap:
 PSYoungGen      total 356864K, used 313568K [0x00000000e0000000, 0x00000000fef80000, 0x0000000100000000)
  eden space 208384K, 100% used [0x00000000e0000000,0x00000000ecb80000,0x00000000ecb80000)
  from space 148480K, 70% used [0x00000000ecb80000,0x00000000f3238068,0x00000000f5c80000)
  to   space 145920K, 67% used [0x00000000f6100000,0x00000000fc099930,0x00000000fef80000)
 ParOldGen       total 932864K, used 714833K [0x00000000a0000000, 0x00000000d8f00000, 0x00000000e0000000)
  object space 932864K, 76% used [0x00000000a0000000,0x00000000cba14738,0x00000000d8f00000)
 Metaspace       used 122711K, capacity 133704K, committed 142552K, reserved 1173504K
  class space    used 15096K, capacity 17621K, committed 19200K, reserved 1048576K

Card table byte_map: [0x0000000014550000,0x0000000014860000] byte_map_base: 0x0000000014050000

Marking Bits: (ParMarkBitMap*) 0x000000005bd018f0
 Begin Bits: [0x0000000014e60000, 0x0000000016660000)
 End Bits:   [0x0000000016660000, 0x0000000017e60000)

Polling page: 0x0000000004b50000

CodeCache: size=245760Kb used=109816Kb max_used=111386Kb free=135943Kb
 bounds [0x0000000005190000, 0x000000000bf00000, 0x0000000014190000]
 total_blobs=28064 nmethods=27194 adapters=780
 compilation: enabled

Compilation events (10 events):
Event: 5802.313 Thread 0x0000000018b0b800 42423       4       sun.nio.fs.WindowsFileAttributes::isDirectoryLink (23 bytes)
Event: 5802.314 Thread 0x0000000018b0b800 nmethod 42423 0x0000000005773e90 code [0x0000000005773fc0, 0x0000000005774038]
Event: 5802.453 Thread 0x000000001a1a7800 42424       3       com.android.build.gradle.internal.LibraryTaskManager$$Lambda$275/1729632397::get (8 bytes)
Event: 5802.454 Thread 0x000000001a1a7800 nmethod 42424 0x00000000068b7350 code [0x00000000068b74a0, 0x00000000068b7650]
Event: 5802.454 Thread 0x000000001a1a7800 42425       3       com.android.build.gradle.internal.LibraryTaskManager::lambda$null$6 (2 bytes)
Event: 5802.454 Thread 0x000000001a1a7800 nmethod 42425 0x0000000009104a90 code [0x0000000009104be0, 0x0000000009104d10]
Event: 5802.579 Thread 0x000000001a1a7800 42426       1       com.android.ide.common.build.ApkInfo$1::getFilters (5 bytes)
Event: 5802.580 Thread 0x000000001a1a7800 nmethod 42426 0x0000000005940350 code [0x00000000059404a0, 0x00000000059405b0]
Event: 5804.748 Thread 0x000000001a1a7800 42427       1       com.android.build.gradle.tasks.ShaderCompile::getOutputDir (5 bytes)
Event: 5804.749 Thread 0x000000001a1a7800 nmethod 42427 0x0000000005940090 code [0x00000000059401e0, 0x00000000059402f0]

GC Heap History (10 events):
Event: 5478.176 GC heap after
Heap after GC invocations=181 (full 16):
 PSYoungGen      total 354816K, used 107513K [0x00000000e0000000, 0x00000000ffb00000, 0x0000000100000000)
  eden space 195072K, 0% used [0x00000000e0000000,0x00000000e0000000,0x00000000ebe80000)
  from space 159744K, 67% used [0x00000000ebe80000,0x00000000f277e428,0x00000000f5a80000)
  to   space 157696K, 0% used [0x00000000f6100000,0x00000000f6100000,0x00000000ffb00000)
 ParOldGen       total 932864K, used 707470K [0x00000000a0000000, 0x00000000d8f00000, 0x00000000e0000000)
  object space 932864K, 75% used [0x00000000a0000000,0x00000000cb2e3a70,0x00000000d8f00000)
 Metaspace       used 122217K, capacity 132732K, committed 142552K, reserved 1173504K
  class space    used 15013K, capacity 17413K, committed 19200K, reserved 1048576K
}
Event: 5592.584 GC heap before
{Heap before GC invocations=182 (full 16):
 PSYoungGen      total 354816K, used 302585K [0x00000000e0000000, 0x00000000ffb00000, 0x0000000100000000)
  eden space 195072K, 100% used [0x00000000e0000000,0x00000000ebe80000,0x00000000ebe80000)
  from space 159744K, 67% used [0x00000000ebe80000,0x00000000f277e428,0x00000000f5a80000)
  to   space 157696K, 0% used [0x00000000f6100000,0x00000000f6100000,0x00000000ffb00000)
 ParOldGen       total 932864K, used 707470K [0x00000000a0000000, 0x00000000d8f00000, 0x00000000e0000000)
  object space 932864K, 75% used [0x00000000a0000000,0x00000000cb2e3a70,0x00000000d8f00000)
 Metaspace       used 122319K, capacity 132932K, committed 142552K, reserved 1173504K
  class space    used 15025K, capacity 17453K, committed 19200K, reserved 1048576K
Event: 5592.804 GC heap after
Heap after GC invocations=182 (full 16):
 PSYoungGen      total 350208K, used 104405K [0x00000000e0000000, 0x00000000ff200000, 0x0000000100000000)
  eden space 201728K, 0% used [0x00000000e0000000,0x00000000e0000000,0x00000000ec500000)
  from space 148480K, 70% used [0x00000000f6100000,0x00000000fc6f5748,0x00000000ff200000)
  to   space 154112K, 0% used [0x00000000ec500000,0x00000000ec500000,0x00000000f5b80000)
 ParOldGen       total 932864K, used 709986K [0x00000000a0000000, 0x00000000d8f00000, 0x00000000e0000000)
  object space 932864K, 76% used [0x00000000a0000000,0x00000000cb558ad8,0x00000000d8f00000)
 Metaspace       used 122319K, capacity 132932K, committed 142552K, reserved 1173504K
  class space    used 15025K, capacity 17453K, committed 19200K, reserved 1048576K
}
Event: 5595.812 GC heap before
{Heap before GC invocations=183 (full 16):
 PSYoungGen      total 350208K, used 305317K [0x00000000e0000000, 0x00000000ff200000, 0x0000000100000000)
  eden space 201728K, 99% used [0x00000000e0000000,0x00000000ec433d08,0x00000000ec500000)
  from space 148480K, 70% used [0x00000000f6100000,0x00000000fc6f5748,0x00000000ff200000)
  to   space 154112K, 0% used [0x00000000ec500000,0x00000000ec500000,0x00000000f5b80000)
 ParOldGen       total 932864K, used 709986K [0x00000000a0000000, 0x00000000d8f00000, 0x00000000e0000000)
  object space 932864K, 76% used [0x00000000a0000000,0x00000000cb558ad8,0x00000000d8f00000)
 Metaspace       used 122328K, capacity 132932K, committed 142552K, reserved 1173504K
  class space    used 15025K, capacity 17453K, committed 19200K, reserved 1048576K
Event: 5595.951 GC heap after
Heap after GC invocations=183 (full 16):
 PSYoungGen      total 355840K, used 107747K [0x00000000e0000000, 0x00000000ff580000, 0x0000000100000000)
  eden space 201728K, 0% used [0x00000000e0000000,0x00000000e0000000,0x00000000ec500000)
  from space 154112K, 69% used [0x00000000ec500000,0x00000000f2e38cf0,0x00000000f5b80000)
  to   space 152064K, 0% used [0x00000000f6100000,0x00000000f6100000,0x00000000ff580000)
 ParOldGen       total 932864K, used 710034K [0x00000000a0000000, 0x00000000d8f00000, 0x00000000e0000000)
  object space 932864K, 76% used [0x00000000a0000000,0x00000000cb564ad8,0x00000000d8f00000)
 Metaspace       used 122328K, capacity 132932K, committed 142552K, reserved 1173504K
  class space    used 15025K, capacity 17453K, committed 19200K, reserved 1048576K
}
Event: 5632.058 GC heap before
{Heap before GC invocations=184 (full 16):
 PSYoungGen      total 355840K, used 309475K [0x00000000e0000000, 0x00000000ff580000, 0x0000000100000000)
  eden space 201728K, 100% used [0x00000000e0000000,0x00000000ec500000,0x00000000ec500000)
  from space 154112K, 69% used [0x00000000ec500000,0x00000000f2e38cf0,0x00000000f5b80000)
  to   space 152064K, 0% used [0x00000000f6100000,0x00000000f6100000,0x00000000ff580000)
 ParOldGen       total 932864K, used 710034K [0x00000000a0000000, 0x00000000d8f00000, 0x00000000e0000000)
  object space 932864K, 76% used [0x00000000a0000000,0x00000000cb564ad8,0x00000000d8f00000)
 Metaspace       used 122635K, capacity 133566K, committed 142552K, reserved 1173504K
  class space    used 15083K, capacity 17578K, committed 19200K, reserved 1048576K
Event: 5632.160 GC heap after
Heap after GC invocations=184 (full 16):
 PSYoungGen      total 352256K, used 104138K [0x00000000e0000000, 0x00000000fed80000, 0x0000000100000000)
  eden space 208384K, 0% used [0x00000000e0000000,0x00000000e0000000,0x00000000ecb80000)
  from space 143872K, 72% used [0x00000000f6100000,0x00000000fc6b2a08,0x00000000fed80000)
  to   space 148480K, 0% used [0x00000000ecb80000,0x00000000ecb80000,0x00000000f5c80000)
 ParOldGen       total 932864K, used 710306K [0x00000000a0000000, 0x00000000d8f00000, 0x00000000e0000000)
  object space 932864K, 76% used [0x00000000a0000000,0x00000000cb5a8b08,0x00000000d8f00000)
 Metaspace       used 122635K, capacity 133566K, committed 142552K, reserved 1173504K
  class space    used 15083K, capacity 17578K, committed 19200K, reserved 1048576K
}
Event: 5635.110 GC heap before
{Heap before GC invocations=185 (full 16):
 PSYoungGen      total 352256K, used 312522K [0x00000000e0000000, 0x00000000fed80000, 0x0000000100000000)
  eden space 208384K, 100% used [0x00000000e0000000,0x00000000ecb80000,0x00000000ecb80000)
  from space 143872K, 72% used [0x00000000f6100000,0x00000000fc6b2a08,0x00000000fed80000)
  to   space 148480K, 0% used [0x00000000ecb80000,0x00000000ecb80000,0x00000000f5c80000)
 ParOldGen       total 932864K, used 710306K [0x00000000a0000000, 0x00000000d8f00000, 0x00000000e0000000)
  object space 932864K, 76% used [0x00000000a0000000,0x00000000cb5a8b08,0x00000000d8f00000)
 Metaspace       used 122643K, capacity 133566K, committed 142552K, reserved 1173504K
  class space    used 15083K, capacity 17578K, committed 19200K, reserved 1048576K
Event: 5635.215 GC heap after
Heap after GC invocations=185 (full 16):
 PSYoungGen      total 356864K, used 105184K [0x00000000e0000000, 0x00000000fef80000, 0x0000000100000000)
  eden space 208384K, 0% used [0x00000000e0000000,0x00000000e0000000,0x00000000ecb80000)
  from space 148480K, 70% used [0x00000000ecb80000,0x00000000f3238068,0x00000000f5c80000)
  to   space 145920K, 0% used [0x00000000f6100000,0x00000000f6100000,0x00000000fef80000)
 ParOldGen       total 932864K, used 710338K [0x00000000a0000000, 0x00000000d8f00000, 0x00000000e0000000)
  object space 932864K, 76% used [0x00000000a0000000,0x00000000cb5b0b08,0x00000000d8f00000)
 Metaspace       used 122643K, capacity 133566K, committed 142552K, reserved 1173504K
  class space    used 15083K, capacity 17578K, committed 19200K, reserved 1048576K
}
Event: 5804.918 GC heap before
{Heap before GC invocations=186 (full 16):
 PSYoungGen      total 356864K, used 313568K [0x00000000e0000000, 0x00000000fef80000, 0x0000000100000000)
  eden space 208384K, 100% used [0x00000000e0000000,0x00000000ecb80000,0x00000000ecb80000)
  from space 148480K, 70% used [0x00000000ecb80000,0x00000000f3238068,0x00000000f5c80000)
  to   space 145920K, 0% used [0x00000000f6100000,0x00000000f6100000,0x00000000fef80000)
 ParOldGen       total 932864K, used 710338K [0x00000000a0000000, 0x00000000d8f00000, 0x00000000e0000000)
  object space 932864K, 76% used [0x00000000a0000000,0x00000000cb5b0b08,0x00000000d8f00000)
 Metaspace       used 122711K, capacity 133704K, committed 142552K, reserved 1173504K
  class space    used 15096K, capacity 17621K, committed 19200K, reserved 1048576K

Deoptimization events (10 events):
Event: 5323.895 Thread 0x0000000026449000 Uncommon trap: reason=bimorphic action=maybe_recompile pc=0x000000000b170638 method=lombok.javac.JavacNode.traverse(Llombok/javac/JavacASTVisitor;)V @ 524
Event: 5323.895 Thread 0x0000000026449000 Uncommon trap: reason=bimorphic action=maybe_recompile pc=0x000000000b170638 method=lombok.javac.JavacNode.traverse(Llombok/javac/JavacASTVisitor;)V @ 524
Event: 5324.935 Thread 0x0000000026449000 Uncommon trap: reason=speculate_class_check action=maybe_recompile pc=0x000000000bd635fc method=com.sun.tools.javac.code.Types.eraseNotNeeded(Lcom/sun/tools/javac/code/Type;)Z @ 1
Event: 5325.487 Thread 0x0000000026449000 Uncommon trap: reason=null_check action=make_not_entrant pc=0x0000000008b50068 method=lombok.bytecode.ClassFileMetaData.findUtf8(Ljava/lang/String;)I @ 17
Event: 5325.488 Thread 0x0000000026449000 Uncommon trap: reason=null_check action=make_not_entrant pc=0x000000000a31aab0 method=lombok.bytecode.ClassFileMetaData.findUtf8(Ljava/lang/String;)I @ 17
Event: 5347.227 Thread 0x0000000026448800 Uncommon trap: reason=unstable_if action=reinterpret pc=0x000000000958c5ac method=java.math.MutableBigInteger.add(Ljava/math/MutableBigInteger;)V @ 171
Event: 5425.560 Thread 0x0000000026445800 Uncommon trap: reason=null_check action=make_not_entrant pc=0x000000000b43e7dc method=org.apache.tools.ant.PropertyHelper.add(Lorg/apache/tools/ant/PropertyHelper$Delegate;)V @ 46
Event: 5431.748 Thread 0x000000001d9e0000 Uncommon trap: reason=class_check action=maybe_recompile pc=0x000000000afd6e3c method=sun.reflect.NativeConstructorAccessorImpl.newInstance([Ljava/lang/Object;)Ljava/lang/Object; @ 68
Event: 5472.198 Thread 0x0000000026445800 Uncommon trap: reason=null_check action=make_not_entrant pc=0x0000000006913448 method=com.sun.org.apache.xerces.internal.parsers.AbstractSAXParser.xmlDecl(Ljava/lang/String;Ljava/lang/String;Ljava/lang/String;Lcom/sun/org/apache/xerces/internal/xni/Augment«Ô×#Öeµ@
Event: 5477.836 Thread 0x0000000026445800 Uncommon trap: reason=class_check action=maybe_recompile pc=0x000000000afd6e3c method=sun.reflect.NativeConstructorAccessorImpl.newInstance([Ljava/lang/Object;)Ljava/lang/Object; @ 68

Internal exceptions (10 events):
Event: 5801.244 Thread 0x0000000026441800 Exception <a 'sun/nio/fs/WindowsException'> (0x00000000e4511040) thrown at [C:\src\android\AOSP-openjdk\external\jetbrains\jdk\hotspot\src\share\vm\prims\jni.cpp, line 709]
Event: 5801.244 Thread 0x0000000026441800 Exception <a 'sun/nio/fs/WindowsException'> (0x00000000e4512528) thrown at [C:\src\android\AOSP-openjdk\external\jetbrains\jdk\hotspot\src\share\vm\prims\jni.cpp, line 709]
Event: 5801.244 Thread 0x0000000026441800 Exception <a 'sun/nio/fs/WindowsException'> (0x00000000e4513b80) thrown at [C:\src\android\AOSP-openjdk\external\jetbrains\jdk\hotspot\src\share\vm\prims\jni.cpp, line 709]
Event: 5801.244 Thread 0x0000000026441800 Exception <a 'sun/nio/fs/WindowsException'> (0x00000000e4515060) thrown at [C:\src\android\AOSP-openjdk\external\jetbrains\jdk\hotspot\src\share\vm\prims\jni.cpp, line 709]
Event: 5801.245 Thread 0x0000000026441800 Exception <a 'sun/nio/fs/WindowsException'> (0x00000000e451df78) thrown at [C:\src\android\AOSP-openjdk\external\jetbrains\jdk\hotspot\src\share\vm\prims\jni.cpp, line 709]
Event: 5801.245 Thread 0x0000000026441800 Exception <a 'sun/nio/fs/WindowsException'> (0x00000000e451f470) thrown at [C:\src\android\AOSP-openjdk\external\jetbrains\jdk\hotspot\src\share\vm\prims\jni.cpp, line 709]
Event: 5801.246 Thread 0x0000000026441800 Exception <a 'sun/nio/fs/WindowsException'> (0x00000000e45214b0) thrown at [C:\src\android\AOSP-openjdk\external\jetbrains\jdk\hotspot\src\share\vm\prims\jni.cpp, line 709]
Event: 5801.246 Thread 0x0000000026441800 Exception <a 'sun/nio/fs/WindowsException'> (0x00000000e4522998) thrown at [C:\src\android\AOSP-openjdk\external\jetbrains\jdk\hotspot\src\share\vm\prims\jni.cpp, line 709]
Event: 5801.246 Thread 0x0000000026441800 Exception <a 'sun/nio/fs/WindowsException'> (0x00000000e4523ff0) thrown at [C:\src\android\AOSP-openjdk\external\jetbrains\jdk\hotspot\src\share\vm\prims\jni.cpp, line 709]
Event: 5801.246 Thread 0x0000000026441800 Exception <a 'sun/nio/fs/WindowsException'> (0x00000000e45254d0) thrown at [C:\src\android\AOSP-openjdk\external\jetbrains\jdk\hotspot\src\share\vm\prims\jni.cpp, line 709]

Events (10 events):
Event: 5802.786 Thread 0x000000001ef09800 Thread added: 0x000000001ef09800
Event: 5803.772 Thread 0x000000001ef09800 Thread exited: 0x000000001ef09800
Event: 5803.772 Thread 0x000000001ef0f800 Thread exited: 0x000000001ef0f800
Event: 5803.772 Thread 0x000000001d9e6800 Thread exited: 0x000000001d9e6800
Event: 5803.772 Thread 0x000000001d9ec000 Thread exited: 0x000000001d9ec000
Event: 5803.772 Executing VM operation: RevokeBias
Event: 5803.773 Executing VM operation: RevokeBias done
Event: 5803.773 Thread 0x000000001d9de800 Thread exited: 0x000000001d9de800
Event: 5804.791 Thread 0x000000001ef0c800 Thread added: 0x000000001ef0c800
Event: 5804.916 Executing VM operation: ParallelGCFailedAllocation


Dynamic libraries:
0x00007ff60f3e0000 - 0x00007ff60f411000 	C:\Program Files\Android\Android Studio\jre\bin\java.exe
0x00007ffcc1e70000 - 0x00007ffcc2050000 	C:\Windows\SYSTEM32\ntdll.dll
0x00007ffcc1980000 - 0x00007ffcc1a2e000 	C:\Windows\System32\KERNEL32.DLL
0x00007ffcbe350000 - 0x00007ffcbe5b6000 	C:\Windows\System32\KERNELBASE.dll
0x00007ffcc1840000 - 0x00007ffcc18e1000 	C:\Windows\System32\ADVAPI32.dll
0x00007ffcc1da0000 - 0x00007ffcc1e3d000 	C:\Windows\System32\msvcrt.dll
0x00007ffcc0060000 - 0x00007ffcc00bb000 	C:\Windows\System32\sechost.dll
0x00007ffcc1c80000 - 0x00007ffcc1d9f000 	C:\Windows\System32\RPCRT4.dll
0x00007ffcc00d0000 - 0x00007ffcc025f000 	C:\Windows\System32\USER32.dll
0x00007ffcbe960000 - 0x00007ffcbe980000 	C:\Windows\System32\win32u.dll
0x00007ffcbfb80000 - 0x00007ffcbfba8000 	C:\Windows\System32\GDI32.dll
0x00007ffcbe6c0000 - 0x00007ffcbe853000 	C:\Windows\System32\gdi32full.dll
0x00007ffcbf0d0000 - 0x00007ffcbf16b000 	C:\Windows\System32\msvcp_win.dll
0x00007ffcbe5c0000 - 0x00007ffcbe6b5000 	C:\Windows\System32\ucrtbase.dll
0x00007ffcb1fd0000 - 0x00007ffcb2239000 	C:\Windows\WinSxS\amd64_microsoft.windows.common-controls_6595b64144ccf1df_6.0.16299.820_none_15c6db6093667967\COMCTL32.dll
0x00007ffcbfc80000 - 0x00007ffcbff86000 	C:\Windows\System32\combase.dll
0x00007ffcbe270000 - 0x00007ffcbe2e2000 	C:\Windows\System32\bcryptPrimitives.dll
0x00007ffcc03d0000 - 0x00007ffcc03fd000 	C:\Windows\System32\IMM32.DLL
0x000000005b460000 - 0x000000005b532000 	C:\Program Files\Android\Android Studio\jre\jre\bin\msvcr100.dll
0x000000005b540000 - 0x000000005bd7c000 	C:\Program Files\Android\Android Studio\jre\jre\bin\server\jvm.dll
0x00007ffcc18f0000 - 0x00007ffcc18f8000 	C:\Windows\System32\PSAPI.DLL
0x00007ffcb28c0000 - 0x00007ffcb28c9000 	C:\Windows\SYSTEM32\WSOCK32.dll
0x00007ffcbfff0000 - 0x00007ffcc005c000 	C:\Windows\System32\WS2_32.dll
0x00007ffcbc440000 - 0x00007ffcbc463000 	C:\Windows\SYSTEM32\WINMM.dll
0x00007ffcbc3e0000 - 0x00007ffcbc40a000 	C:\Windows\SYSTEM32\WINMMBASE.dll
0x00007ffcbe910000 - 0x00007ffcbe95a000 	C:\Windows\System32\cfgmgr32.dll
0x00007ffcba540000 - 0x00007ffcba54a000 	C:\Windows\SYSTEM32\VERSION.dll
0x00007ffcbc5a0000 - 0x00007ffcbc5af000 	C:\Program Files\Android\Android Studio\jre\jre\bin\verify.dll
0x00007ffcbaf50000 - 0x00007ffcbaf79000 	C:\Program Files\Android\Android Studio\jre\jre\bin\java.dll
0x00007ffcba9e0000 - 0x00007ffcba9f6000 	C:\Program Files\Android\Android Studio\jre\jre\bin\zip.dll
0x00007ffcc0400000 - 0x00007ffcc1838000 	C:\Windows\System32\SHELL32.dll
0x00007ffcbf350000 - 0x00007ffcbf3f6000 	C:\Windows\System32\shcore.dll
0x00007ffcbe980000 - 0x00007ffcbf0c7000 	C:\Windows\System32\windows.storage.dll
0x00007ffcbfb20000 - 0x00007ffcbfb71000 	C:\Windows\System32\shlwapi.dll
0x00007ffcbe1e0000 - 0x00007ffcbe1f1000 	C:\Windows\System32\kernel.appcore.dll
0x00007ffcbe220000 - 0x00007ffcbe26c000 	C:\Windows\System32\powrprof.dll
0x00007ffcbe1c0000 - 0x00007ffcbe1db000 	C:\Windows\System32\profapi.dll
0x00007ffcb7c20000 - 0x00007ffcb7c3a000 	C:\Program Files\Android\Android Studio\jre\jre\bin\net.dll
0x00007ffcbd9c0000 - 0x00007ffcbda26000 	C:\Windows\system32\mswsock.dll
0x00007ffcb7be0000 - 0x00007ffcb7bf1000 	C:\Program Files\Android\Android Studio\jre\jre\bin\nio.dll
0x00007ffcaf3a0000 - 0x00007ffcaf3be000 	C:\Users\Administrator\.gradle\native\25\windows-amd64\native-platform.dll
0x00007ffcbb1c0000 - 0x00007ffcbb1cd000 	C:\Program Files\Android\Android Studio\jre\jre\bin\management.dll
0x00007ffcbdb80000 - 0x00007ffcbdb97000 	C:\Windows\SYSTEM32\CRYPTSP.dll
0x00007ffcbd5c0000 - 0x00007ffcbd5f3000 	C:\Windows\system32\rsaenh.dll
0x00007ffcbdc90000 - 0x00007ffcbdcb5000 	C:\Windows\SYSTEM32\bcrypt.dll
0x00007ffcbe0f0000 - 0x00007ffcbe119000 	C:\Windows\SYSTEM32\USERENV.dll
0x00007ffcbdba0000 - 0x00007ffcbdbab000 	C:\Windows\SYSTEM32\CRYPTBASE.dll
0x00007ffcbd750000 - 0x00007ffcbd789000 	C:\Windows\SYSTEM32\IPHLPAPI.DLL
0x00007ffcbf340000 - 0x00007ffcbf348000 	C:\Windows\System32\NSI.dll
0x00007ffcb95b0000 - 0x00007ffcb95c6000 	C:\Windows\SYSTEM32\dhcpcsvc6.DLL
0x00007ffcb9560000 - 0x00007ffcb957a000 	C:\Windows\SYSTEM32\dhcpcsvc.DLL
0x00007ffcbd2c0000 - 0x00007ffcbd2f1000 	C:\Windows\SYSTEM32\ntmarta.dll
0x00007ffc9b600000 - 0x00007ffc9b7c8000 	C:\Windows\SYSTEM32\dbghelp.dll

VM Arguments:
jvm_args: -Xmx1536m -Dfile.encoding=GBK -Duser.country=CN -Duser.language=zh -Duser.variant 
java_command: org.gradle.launcher.daemon.bootstrap.GradleDaemon 4.1
java_class_path (initial): C:\Users\Administrator\.gradle\wrapper\dists\gradle-4.1-all\bzyivzo6n839fup2jbap0tjew\gradle-4.1\lib\gradle-launcher-4.1.jar
Launcher Type: SUN_STANDARD

Environment Variables:
PATH=C:\ProgramData\Oracle\Java\javapath;C:\Windows\system32;C:\Windows;C:\Windows\System32\Wbem;C:\Windows\System32\WindowsPowerShell\v1.0\;C:\Program Files (x86)\NVIDIA Corporation\PhysX\Common;C:\Program Files\Java\jdk1.8.0_191;C:\Program Files\Java\jre1.8.0_191;C:\Users\Administrator\AppData\Local\Microsoft\WindowsApps;
USERNAME=Administrator
OS=Windows_NT
PROCESSOR_IDENTIFIER=Intel64 Family 6 Model 58 Stepping 9, GenuineIntel



---------------  S Y S T E M  ---------------

OS: Windows 10.0 , 64 bit Build 16299 (10.0.16299.431)

CPU:total 4 (4 cores per cpu, 1 threads per core) family 6 model 58 stepping 9, cmov, cx8, fxsr, mmx, sse, sse2, sse3, ssse3, sse4.1, sse4.2, popcnt, avx, aes, clmul, erms, tsc, tscinvbit, tscinv

Memory: 4k page, physical 4156916k(375796k free), swap 11938300k(2581932k free)

vm_info: OpenJDK 64-Bit Server VM (25.112-b06) for windows-amd64 JRE (1.8.0_112-release-b06), built on Dec  8 2016 00:54:26 by "builder" with MS VC++ 10.0 (VS2010)

time: Sat Dec 15 16:50:28 2018
elapsed time: 5805 seconds (0d 1h 36m 45s)

