#
# A fatal error has been detected by the Java Runtime Environment:
#
#  EXCEPTION_ACCESS_VIOLATION (0xc0000005) at pc=0x0000000066a36b66, pid=7784, tid=0x0000000000000a28
#
# JRE version: OpenJDK Runtime Environment (8.0_112-b06) (build 1.8.0_112-release-b06)
# Java VM: OpenJDK 64-Bit Server VM (25.112-b06 mixed mode windows-amd64 compressed oops)
# Problematic frame:
# V  [jvm.dll+0x466b66]
#
# Failed to write core dump. Minidumps are not enabled by default on client versions of Windows
#
# If you would like to submit a bug report, please visit:
#   http://bugreport.java.com/bugreport/crash.jsp
#

---------------  T H R E A D  ---------------

Current thread (0x0000000014e1f800):  JavaThread "C2 CompilerThread0" daemon [_thread_in_native, id=2600, stack(0x0000000016870000,0x0000000016970000)]

siginfo: ExceptionCode=0xc0000005, writing address 0x0000000066992028

Registers:
RAX=0x0000000000d0be89, RBX=0x000000001a8efca0, RCX=0x0000000000000006, RDX=0x0000000000d8be89
RSP=0x000000001696c070, RBP=0x00000000000006d3, RSI=0x0000000000000036, RDI=0x000000001696c2a0
R8 =0x0000000000080000, R9 =0x0000000066992010, R10=0x0000000000002e7c, R11=0x0000000018713dd0
R12=0x00000000000443e0, R13=0x0000000016290080, R14=0x00000000665d0000, R15=0x00000000000003d8
RIP=0x0000000066a36b66, EFLAGS=0x0000000000010202

Top of Stack: (sp=0x000000001696c070)
0x000000001696c070:   000000001868c6f0 000000001a8efca0
0x000000001696c080:   00000000000006d3 0000000000000036
0x000000001696c090:   00002e7e00000000 0000000000000004
0x000000001696c0a0:   0000000017109c20 000000000000002f
0x000000001696c0b0:   0000000018a40ee0 000000000000003b
0x000000001696c0c0:   0000000018587430 0000000000002cec
0x000000001696c0d0:   0000000016290458 0000000016290080
0x000000001696c0e0:   0000000000000000 00000000669fffa1
0x000000001696c0f0:   000000001696c590 0000000000000000
0x000000001696c100:   00000000665d0000 00000000000006d3
0x000000001696c110:   00002d4300000000 0000000000000008
0x000000001696c120:   000000001788c2c0 000000000000003b
0x000000001696c130:   0000000018f262e8 000000000000003b
0x000000001696c140:   000000001867b210 0000000000000000
0x000000001696c150:   0000000000000000 0000000066a547f4
0x000000001696c160:   0000000000000000 0000000000000000 

Instructions: (pc=0x0000000066a36b66)
0x0000000066a36b46:   03 5f 10 49 8b 43 08 4c 8b 0c c8 8b cd 83 e1 1f
0x0000000066a36b56:   41 d3 e0 8b ca 41 8b 14 91 41 8b c0 f7 d0 23 c2
0x0000000066a36b66:   41 89 04 89 41 85 d0 74 03 41 ff 0b 48 8b 4f 20
0x0000000066a36b76:   0f b6 53 64 4d 6b d2 70 f7 43 68 00 01 00 00 41 


Register to memory mapping:

RAX=0x0000000000d0be89 is an unknown value
RBX=0x000000001a8efca0 is an unknown value
RCX=0x0000000000000006 is an unknown value
RDX=0x0000000000d8be89 is an unknown value
RSP=0x000000001696c070 is pointing into the stack for thread: 0x0000000014e1f800
RBP=0x00000000000006d3 is an unknown value
RSI=0x0000000000000036 is an unknown value
RDI=0x000000001696c2a0 is pointing into the stack for thread: 0x0000000014e1f800
R8 =0x0000000000080000 is an unknown value
R9 =0x0000000066992010 is an unknown value
R10=0x0000000000002e7c is an unknown value
R11=0x0000000018713dd0 is an unknown value
R12=0x00000000000443e0 is an unknown value
R13=0x0000000016290080 is an unknown value
R14=0x00000000665d0000 is an unknown value
R15=0x00000000000003d8 is an unknown value


Stack: [0x0000000016870000,0x0000000016970000],  sp=0x000000001696c070,  free space=1008k
Native frames: (J=compiled Java code, j=interpreted, Vv=VM code, C=native code)
V  [jvm.dll+0x466b66]
V  [jvm.dll+0x42ffa1]
V  [jvm.dll+0x432cdb]
V  [jvm.dll+0x43d6bb]
V  [jvm.dll+0x43ff8e]
V  [jvm.dll+0x423242]
V  [jvm.dll+0x80b29]
V  [jvm.dll+0x8145f]
V  [jvm.dll+0x21be7f]
V  [jvm.dll+0x26c13a]
C  [msvcr100.dll+0x21d9f]
C  [msvcr100.dll+0x21e3b]
C  [KERNEL32.DLL+0x11fe4]
C  [ntdll.dll+0x6cb81]


Current CompileTask:
C2:   5699 1272       4       org.objectweb.asm.ClassReader::accept (1176 bytes)


---------------  P R O C E S S  ---------------

Java Threads: ( => current thread )
  0x00000000162dc800 JavaThread "Service Thread" daemon [_thread_blocked, id=7164, stack(0x0000000016b70000,0x0000000016c70000)]
  0x00000000162d5800 JavaThread "C1 CompilerThread2" daemon [_thread_blocked, id=7128, stack(0x0000000016a70000,0x0000000016b70000)]
  0x0000000016279000 JavaThread "C2 CompilerThread1" daemon [_thread_blocked, id=10744, stack(0x0000000016970000,0x0000000016a70000)]
=>0x0000000014e1f800 JavaThread "C2 CompilerThread0" daemon [_thread_in_native, id=2600, stack(0x0000000016870000,0x0000000016970000)]
  0x0000000014e6e800 JavaThread "Attach Listener" daemon [_thread_blocked, id=10748, stack(0x0000000016770000,0x0000000016870000)]
  0x0000000016278800 JavaThread "Signal Dispatcher" daemon [_thread_blocked, id=13552, stack(0x0000000016670000,0x0000000016770000)]
  0x0000000004aaa000 JavaThread "Finalizer" daemon [_thread_blocked, id=6152, stack(0x0000000016070000,0x0000000016170000)]
  0x0000000004aa5000 JavaThread "Reference Handler" daemon [_thread_blocked, id=2540, stack(0x0000000015f70000,0x0000000016070000)]
  0x00000000049b4800 JavaThread "main" [_thread_in_vm, id=13416, stack(0x00000000047f0000,0x00000000048f0000)]

Other Threads:
  0x0000000014dd5800 VMThread [stack: 0x0000000015e70000,0x0000000015f70000] [id=1584]
  0x00000000162de000 WatcherThread [stack: 0x0000000016c70000,0x0000000016d70000] [id=13948]

VM state:not at safepoint (normal execution)

VM Mutex/Monitor currently owned by a thread: None

Heap:
 PSYoungGen      total 18944K, used 16950K [0x00000000feb00000, 0x0000000100000000, 0x0000000100000000)
  eden space 16384K, 87% used [0x00000000feb00000,0x00000000ff90fe10,0x00000000ffb00000)
  from space 2560K, 99% used [0x00000000ffb00000,0x00000000ffd7da88,0x00000000ffd80000)
  to   space 2560K, 0% used [0x00000000ffd80000,0x00000000ffd80000,0x0000000100000000)
 ParOldGen       total 44032K, used 7024K [0x00000000fc000000, 0x00000000feb00000, 0x00000000feb00000)
  object space 44032K, 15% used [0x00000000fc000000,0x00000000fc6dc370,0x00000000feb00000)
 Metaspace       used 7989K, capacity 8138K, committed 8192K, reserved 1056768K
  class space    used 901K, capacity 989K, committed 1024K, reserved 1048576K

Card table byte_map: [0x00000000029b0000,0x00000000029e0000] byte_map_base: 0x00000000021d0000

Marking Bits: (ParMarkBitMap*) 0x0000000066d918f0
 Begin Bits: [0x0000000014270000, 0x0000000014370000)
 End Bits:   [0x0000000014370000, 0x0000000014470000)

Polling page: 0x0000000002980000

CodeCache: size=245760Kb used=5712Kb max_used=5720Kb free=240047Kb
 bounds [0x0000000004ab0000, 0x0000000005050000, 0x0000000013ab0000]
 total_blobs=1668 nmethods=1334 adapters=247
 compilation: enabled

Compilation events (10 events):
Event: 5.638 Thread 0x00000000162d5800 nmethod 1331 0x0000000005048510 code [0x0000000005048680, 0x00000000050489b0]
Event: 5.641 Thread 0x0000000016279000 nmethod 1330 0x00000000050465d0 code [0x0000000005046740, 0x0000000005046b38]
Event: 5.645 Thread 0x0000000016279000 1332       4       org.objectweb.asm.ByteVector::a (51 bytes)
Event: 5.647 Thread 0x0000000016279000 nmethod 1332 0x0000000005046190 code [0x00000000050462e0, 0x00000000050464b8]
Event: 5.657 Thread 0x0000000016279000 1333       4       org.objectweb.asm.ClassVisitor::visitEnd (15 bytes)
Event: 5.657 Thread 0x00000000162d5800 1334       1       java.util.concurrent.TimeUnit$3::toSeconds (6 bytes)
Event: 5.658 Thread 0x00000000162d5800 nmethod 1334 0x0000000005045e90 code [0x0000000005045fe0, 0x0000000005046110]
Event: 5.658 Thread 0x0000000016279000 nmethod 1333 0x0000000005048f10 code [0x0000000005049040, 0x00000000050490d8]
Event: 5.662 Thread 0x00000000162d5800 1335       3       org.objectweb.asm.tree.MethodNode::visitAnnotation (78 bytes)
Event: 5.662 Thread 0x00000000162d5800 nmethod 1335 0x0000000005047650 code [0x0000000005047840, 0x0000000005048138]

GC Heap History (10 events):
Event: 0.737 GC heap before
{Heap before GC invocations=1 (full 0):
 PSYoungGen      total 18944K, used 16384K [0x00000000feb00000, 0x0000000100000000, 0x0000000100000000)
  eden space 16384K, 100% used [0x00000000feb00000,0x00000000ffb00000,0x00000000ffb00000)
  from space 2560K, 0% used [0x00000000ffd80000,0x00000000ffd80000,0x0000000100000000)
  to   space 2560K, 0% used [0x00000000ffb00000,0x00000000ffb00000,0x00000000ffd80000)
 ParOldGen       total 44032K, used 0K [0x00000000fc000000, 0x00000000feb00000, 0x00000000feb00000)
  object space 44032K, 0% used [0x00000000fc000000,0x00000000fc000000,0x00000000feb00000)
 Metaspace       used 6517K, capacity 6680K, committed 6784K, reserved 1056768K
  class space    used 763K, capacity 824K, committed 896K, reserved 1048576K
Event: 0.752 GC heap after
Heap after GC invocations=1 (full 0):
 PSYoungGen      total 18944K, used 2536K [0x00000000feb00000, 0x0000000100000000, 0x0000000100000000)
  eden space 16384K, 0% used [0x00000000feb00000,0x00000000feb00000,0x00000000ffb00000)
  from space 2560K, 99% used [0x00000000ffb00000,0x00000000ffd7a030,0x00000000ffd80000)
  to   space 2560K, 0% used [0x00000000ffd80000,0x00000000ffd80000,0x0000000100000000)
 ParOldGen       total 44032K, used 1517K [0x00000000fc000000, 0x00000000feb00000, 0x00000000feb00000)
  object space 44032K, 3% used [0x00000000fc000000,0x00000000fc17b4d8,0x00000000feb00000)
 Metaspace       used 6517K, capacity 6680K, committed 6784K, reserved 1056768K
  class space    used 763K, capacity 824K, committed 896K, reserved 1048576K
}
Event: 1.287 GC heap before
{Heap before GC invocations=2 (full 0):
 PSYoungGen      total 18944K, used 18920K [0x00000000feb00000, 0x0000000100000000, 0x0000000100000000)
  eden space 16384K, 100% used [0x00000000feb00000,0x00000000ffb00000,0x00000000ffb00000)
  from space 2560K, 99% used [0x00000000ffb00000,0x00000000ffd7a030,0x00000000ffd80000)
  to   space 2560K, 0% used [0x00000000ffd80000,0x00000000ffd80000,0x0000000100000000)
 ParOldGen       total 44032K, used 1517K [0x00000000fc000000, 0x00000000feb00000, 0x00000000feb00000)
  object space 44032K, 3% used [0x00000000fc000000,0x00000000fc17b4d8,0x00000000feb00000)
 Metaspace       used 7591K, capacity 7818K, committed 7936K, reserved 1056768K
  class space    used 893K, capacity 989K, committed 1024K, reserved 1048576K
Event: 1.294 GC heap after
Heap after GC invocations=2 (full 0):
 PSYoungGen      total 18944K, used 2544K [0x00000000feb00000, 0x0000000100000000, 0x0000000100000000)
  eden space 16384K, 0% used [0x00000000feb00000,0x00000000feb00000,0x00000000ffb00000)
  from space 2560K, 99% used [0x00000000ffd80000,0x00000000ffffc010,0x0000000100000000)
  to   space 2560K, 0% used [0x00000000ffb00000,0x00000000ffb00000,0x00000000ffd80000)
 ParOldGen       total 44032K, used 5871K [0x00000000fc000000, 0x00000000feb00000, 0x00000000feb00000)
  object space 44032K, 13% used [0x00000000fc000000,0x00000000fc5bbfd8,0x00000000feb00000)
 Metaspace       used 7591K, capacity 7818K, committed 7936K, reserved 1056768K
  class space    used 893K, capacity 989K, committed 1024K, reserved 1048576K
}
Event: 2.372 GC heap before
{Heap before GC invocations=3 (full 0):
 PSYoungGen      total 18944K, used 18928K [0x00000000feb00000, 0x0000000100000000, 0x0000000100000000)
  eden space 16384K, 100% used [0x00000000feb00000,0x00000000ffb00000,0x00000000ffb00000)
  from space 2560K, 99% used [0x00000000ffd80000,0x00000000ffffc010,0x0000000100000000)
  to   space 2560K, 0% used [0x00000000ffb00000,0x00000000ffb00000,0x00000000ffd80000)
 ParOldGen       total 44032K, used 5871K [0x00000000fc000000, 0x00000000feb00000, 0x00000000feb00000)
  object space 44032K, 13% used [0x00000000fc000000,0x00000000fc5bbfd8,0x00000000feb00000)
 Metaspace       used 7849K, capacity 8010K, committed 8192K, reserved 1056768K
  class space    used 901K, capacity 989K, committed 1024K, reserved 1048576K
Event: 2.838 GC heap after
Heap after GC invocations=3 (full 0):
 PSYoungGen      total 18944K, used 2528K [0x00000000feb00000, 0x0000000100000000, 0x0000000100000000)
  eden space 16384K, 0% used [0x00000000feb00000,0x00000000feb00000,0x00000000ffb00000)
  from space 2560K, 98% used [0x00000000ffb00000,0x00000000ffd78240,0x00000000ffd80000)
  to   space 2560K, 0% used [0x00000000ffd80000,0x00000000ffd80000,0x0000000100000000)
 ParOldGen       total 44032K, used 6256K [0x00000000fc000000, 0x00000000feb00000, 0x00000000feb00000)
  object space 44032K, 14% used [0x00000000fc000000,0x00000000fc61c170,0x00000000feb00000)
 Metaspace       used 7849K, capacity 8010K, committed 8192K, reserved 1056768K
  class space    used 901K, capacity 989K, committed 1024K, reserved 1048576K
}
Event: 4.109 GC heap before
{Heap before GC invocations=4 (full 0):
 PSYoungGen      total 18944K, used 18912K [0x00000000feb00000, 0x0000000100000000, 0x0000000100000000)
  eden space 16384K, 100% used [0x00000000feb00000,0x00000000ffb00000,0x00000000ffb00000)
  from space 2560K, 98% used [0x00000000ffb00000,0x00000000ffd78240,0x00000000ffd80000)
  to   space 2560K, 0% used [0x00000000ffd80000,0x00000000ffd80000,0x0000000100000000)
 ParOldGen       total 44032K, used 6256K [0x00000000fc000000, 0x00000000feb00000, 0x00000000feb00000)
  object space 44032K, 14% used [0x00000000fc000000,0x00000000fc61c170,0x00000000feb00000)
 Metaspace       used 7870K, capacity 8010K, committed 8192K, reserved 1056768K
  class space    used 901K, capacity 989K, committed 1024K, reserved 1048576K
Event: 4.153 GC heap after
Heap after GC invocations=4 (full 0):
 PSYoungGen      total 18944K, used 2529K [0x00000000feb00000, 0x0000000100000000, 0x0000000100000000)
  eden space 16384K, 0% used [0x00000000feb00000,0x00000000feb00000,0x00000000ffb00000)
  from space 2560K, 98% used [0x00000000ffd80000,0x00000000ffff8650,0x0000000100000000)
  to   space 2560K, 0% used [0x00000000ffb00000,0x00000000ffb00000,0x00000000ffd80000)
 ParOldGen       total 44032K, used 6544K [0x00000000fc000000, 0x00000000feb00000, 0x00000000feb00000)
  object space 44032K, 14% used [0x00000000fc000000,0x00000000fc6641a0,0x00000000feb00000)
 Metaspace       used 7870K, capacity 8010K, committed 8192K, reserved 1056768K
  class space    used 901K, capacity 989K, committed 1024K, reserved 1048576K
}
Event: 4.869 GC heap before
{Heap before GC invocations=5 (full 0):
 PSYoungGen      total 18944K, used 18913K [0x00000000feb00000, 0x0000000100000000, 0x0000000100000000)
  eden space 16384K, 100% used [0x00000000feb00000,0x00000000ffb00000,0x00000000ffb00000)
  from space 2560K, 98% used [0x00000000ffd80000,0x00000000ffff8650,0x0000000100000000)
  to   space 2560K, 0% used [0x00000000ffb00000,0x00000000ffb00000,0x00000000ffd80000)
 ParOldGen       total 44032K, used 6544K [0x00000000fc000000, 0x00000000feb00000, 0x00000000feb00000)
  object space 44032K, 14% used [0x00000000fc000000,0x00000000fc6641a0,0x00000000feb00000)
 Metaspace       used 7938K, capacity 8138K, committed 8192K, reserved 1056768K
  class space    used 901K, capacity 989K, committed 1024K, reserved 1048576K
Event: 5.318 GC heap after
Heap after GC invocations=5 (full 0):
 PSYoungGen      total 18944K, used 2550K [0x00000000feb00000, 0x0000000100000000, 0x0000000100000000)
  eden space 16384K, 0% used [0x00000000feb00000,0x00000000feb00000,0x00000000ffb00000)
  from space 2560K, 99% used [0x00000000ffb00000,0x00000000ffd7da88,0x00000000ffd80000)
  to   space 2560K, 0% used [0x00000000ffd80000,0x00000000ffd80000,0x0000000100000000)
 ParOldGen       total 44032K, used 7024K [0x00000000fc000000, 0x00000000feb00000, 0x00000000feb00000)
  object space 44032K, 15% used [0x00000000fc000000,0x00000000fc6dc370,0x00000000feb00000)
 Metaspace       used 7938K, capacity 8138K, committed 8192K, reserved 1056768K
  class space    used 901K, capacity 989K, committed 1024K, reserved 1048576K
}

Deoptimization events (10 events):
Event: 4.090 Thread 0x00000000049b4800 Uncommon trap: reason=unstable_if action=reinterpret pc=0x0000000004e65210 method=org.objectweb.asm.ClassReader.a(Lorg/objectweb/asm/MethodVisitor;Lorg/objectweb/asm/Context;I)V @ 1612
Event: 4.184 Thread 0x00000000049b4800 Uncommon trap: reason=unstable_if action=reinterpret pc=0x0000000004f97038 method=org.objectweb.asm.tree.MethodNode.visitFrame(II[Ljava/lang/Object;I[Ljava/lang/Object;)V @ 11
Event: 4.189 Thread 0x00000000049b4800 Uncommon trap: reason=unstable_if action=reinterpret pc=0x0000000004edd8a4 method=org.objectweb.asm.Type.getArgumentsAndReturnSizes(Ljava/lang/String;)I @ 100
Event: 4.202 Thread 0x00000000049b4800 Uncommon trap: reason=unstable_if action=reinterpret pc=0x0000000004e47400 method=org.objectweb.asm.Type.getArgumentsAndReturnSizes(Ljava/lang/String;)I @ 100
Event: 4.206 Thread 0x00000000049b4800 Uncommon trap: reason=unstable_if action=reinterpret pc=0x0000000004ef7818 method=org.objectweb.asm.MethodWriter.visitFieldInsn(ILjava/lang/String;Ljava/lang/String;Ljava/lang/String;)V @ 112
Event: 4.709 Thread 0x00000000049b4800 Uncommon trap: reason=class_check action=maybe_recompile pc=0x0000000004f9ea30 method=org.objectweb.asm.tree.FrameNode.accept(Lorg/objectweb/asm/MethodVisitor;)V @ 148
Event: 4.709 Thread 0x00000000049b4800 Uncommon trap: reason=class_check action=maybe_recompile pc=0x0000000004f9ea30 method=org.objectweb.asm.tree.FrameNode.accept(Lorg/objectweb/asm/MethodVisitor;)V @ 148
Event: 4.721 Thread 0x00000000049b4800 Uncommon trap: reason=class_check action=maybe_recompile pc=0x0000000004f9e9d0 method=org.objectweb.asm.tree.FrameNode.accept(Lorg/objectweb/asm/MethodVisitor;)V @ 169
Event: 4.721 Thread 0x00000000049b4800 Uncommon trap: reason=class_check action=maybe_recompile pc=0x0000000004f9ea30 method=org.objectweb.asm.tree.FrameNode.accept(Lorg/objectweb/asm/MethodVisitor;)V @ 148
Event: 5.654 Thread 0x00000000049b4800 Uncommon trap: reason=unstable_if action=reinterpret pc=0x0000000004fdf4e0 method=org.objectweb.asm.ClassReader.b(Lorg/objectweb/asm/ClassVisitor;Lorg/objectweb/asm/Context;I)I @ 126

Internal exceptions (10 events):
Event: 5.391 Thread 0x00000000049b4800 Exception <a 'sun/nio/fs/WindowsException'> (0x00000000fee3abe0) thrown at [C:\src\android\AOSP-openjdk\external\jetbrains\jdk\hotspot\src\share\vm\prims\jni.cpp, line 709]
Event: 5.391 Thread 0x00000000049b4800 Exception <a 'sun/nio/fs/WindowsException'> (0x00000000fee3b0d0) thrown at [C:\src\android\AOSP-openjdk\external\jetbrains\jdk\hotspot\src\share\vm\prims\jni.cpp, line 709]
Event: 5.424 Thread 0x00000000049b4800 Exception <a 'sun/nio/fs/WindowsException'> (0x00000000fefb9a60) thrown at [C:\src\android\AOSP-openjdk\external\jetbrains\jdk\hotspot\src\share\vm\prims\jni.cpp, line 709]
Event: 5.424 Thread 0x00000000049b4800 Exception <a 'sun/nio/fs/WindowsException'> (0x00000000fefb9f50) thrown at [C:\src\android\AOSP-openjdk\external\jetbrains\jdk\hotspot\src\share\vm\prims\jni.cpp, line 709]
Event: 5.650 Thread 0x00000000049b4800 Exception <a 'sun/nio/fs/WindowsException'> (0x00000000ff7c0178) thrown at [C:\src\android\AOSP-openjdk\external\jetbrains\jdk\hotspot\src\share\vm\prims\jni.cpp, line 709]
Event: 5.650 Thread 0x00000000049b4800 Exception <a 'sun/nio/fs/WindowsException'> (0x00000000ff7c0668) thrown at [C:\src\android\AOSP-openjdk\external\jetbrains\jdk\hotspot\src\share\vm\prims\jni.cpp, line 709]
Event: 5.653 Thread 0x00000000049b4800 Exception <a 'sun/nio/fs/WindowsException'> (0x00000000ff8344a0) thrown at [C:\src\android\AOSP-openjdk\external\jetbrains\jdk\hotspot\src\share\vm\prims\jni.cpp, line 709]
Event: 5.653 Thread 0x00000000049b4800 Exception <a 'sun/nio/fs/WindowsException'> (0x00000000ff834990) thrown at [C:\src\android\AOSP-openjdk\external\jetbrains\jdk\hotspot\src\share\vm\prims\jni.cpp, line 709]
Event: 5.660 Thread 0x00000000049b4800 Exception <a 'sun/nio/fs/WindowsException'> (0x00000000ff897000) thrown at [C:\src\android\AOSP-openjdk\external\jetbrains\jdk\hotspot\src\share\vm\prims\jni.cpp, line 709]
Event: 5.660 Thread 0x00000000049b4800 Exception <a 'sun/nio/fs/WindowsException'> (0x00000000ff8974f0) thrown at [C:\src\android\AOSP-openjdk\external\jetbrains\jdk\hotspot\src\share\vm\prims\jni.cpp, line 709]

Events (10 events):
Event: 4.721 Thread 0x00000000049b4800 Uncommon trap: trap_request=0xffffffde fr.pc=0x0000000004f9ea30
Event: 4.721 Thread 0x00000000049b4800 DEOPT PACKING pc=0x0000000004f9ea30 sp=0x00000000048ee800
Event: 4.721 Thread 0x00000000049b4800 DEOPT UNPACKING pc=0x0000000004af556a sp=0x00000000048ee7b0 mode 2
Event: 4.727 Thread 0x00000000049b4800 DEOPT PACKING pc=0x0000000004e82437 sp=0x00000000048eef40
Event: 4.727 Thread 0x00000000049b4800 DEOPT UNPACKING pc=0x0000000004af75bf sp=0x00000000048eec58 mode 0
Event: 4.869 Executing VM operation: ParallelGCFailedAllocation
Event: 5.318 Executing VM operation: ParallelGCFailedAllocation done
Event: 5.654 Thread 0x00000000049b4800 Uncommon trap: trap_request=0xffffff65 fr.pc=0x0000000004fdf4e0
Event: 5.654 Thread 0x00000000049b4800 DEOPT PACKING pc=0x0000000004fdf4e0 sp=0x00000000048ee6b0
Event: 5.654 Thread 0x00000000049b4800 DEOPT UNPACKING pc=0x0000000004af556a sp=0x00000000048ee6a0 mode 2


Dynamic libraries:
0x00007ff63fdc0000 - 0x00007ff63fdf1000 	C:\Program Files\Android\Android Studio\jre\bin\java.exe
0x00007ff96a900000 - 0x00007ff96aae0000 	C:\Windows\SYSTEM32\ntdll.dll
0x00007ff96a4b0000 - 0x00007ff96a55e000 	C:\Windows\System32\KERNEL32.DLL
0x00007ff967b60000 - 0x00007ff967dc6000 	C:\Windows\System32\KERNELBASE.dll
0x00007ff968b60000 - 0x00007ff968c01000 	C:\Windows\System32\ADVAPI32.dll
0x00007ff967f70000 - 0x00007ff96800d000 	C:\Windows\System32\msvcrt.dll
0x00007ff96a0a0000 - 0x00007ff96a0fb000 	C:\Windows\System32\sechost.dll
0x00007ff96a280000 - 0x00007ff96a39f000 	C:\Windows\System32\RPCRT4.dll
0x00007ff9680d0000 - 0x00007ff96825f000 	C:\Windows\System32\USER32.dll
0x00007ff967570000 - 0x00007ff967590000 	C:\Windows\System32\win32u.dll
0x00007ff96a250000 - 0x00007ff96a278000 	C:\Windows\System32\GDI32.dll
0x00007ff9676e0000 - 0x00007ff967873000 	C:\Windows\System32\gdi32full.dll
0x00007ff966d80000 - 0x00007ff966e1b000 	C:\Windows\System32\msvcp_win.dll
0x00007ff9675e0000 - 0x00007ff9676d5000 	C:\Windows\System32\ucrtbase.dll
0x00007ff95ac10000 - 0x00007ff95ae79000 	C:\Windows\WinSxS\amd64_microsoft.windows.common-controls_6595b64144ccf1df_6.0.16299.820_none_15c6db6093667967\COMCTL32.dll
0x00007ff968260000 - 0x00007ff968566000 	C:\Windows\System32\combase.dll
0x00007ff966d00000 - 0x00007ff966d72000 	C:\Windows\System32\bcryptPrimitives.dll
0x00007ff96a060000 - 0x00007ff96a08d000 	C:\Windows\System32\IMM32.DLL
0x0000000067d10000 - 0x0000000067de2000 	C:\Program Files\Android\Android Studio\jre\jre\bin\msvcr100.dll
0x00000000665d0000 - 0x0000000066e0c000 	C:\Program Files\Android\Android Studio\jre\jre\bin\server\jvm.dll
0x00007ff96a050000 - 0x00007ff96a058000 	C:\Windows\System32\PSAPI.DLL
0x00007ff956660000 - 0x00007ff956669000 	C:\Windows\SYSTEM32\WSOCK32.dll
0x00007ff96a560000 - 0x00007ff96a5cc000 	C:\Windows\System32\WS2_32.dll
0x00007ff964a80000 - 0x00007ff964aa3000 	C:\Windows\SYSTEM32\WINMM.dll
0x00007ff965900000 - 0x00007ff96590a000 	C:\Windows\SYSTEM32\VERSION.dll
0x00007ff964750000 - 0x00007ff96477a000 	C:\Windows\SYSTEM32\WINMMBASE.dll
0x00007ff967590000 - 0x00007ff9675da000 	C:\Windows\System32\cfgmgr32.dll
0x00007ff965970000 - 0x00007ff96597f000 	C:\Program Files\Android\Android Studio\jre\jre\bin\verify.dll
0x00007ff95fcc0000 - 0x00007ff95fce9000 	C:\Program Files\Android\Android Studio\jre\jre\bin\java.dll
0x00007ff963720000 - 0x00007ff963736000 	C:\Program Files\Android\Android Studio\jre\jre\bin\zip.dll
0x00007ff968c10000 - 0x00007ff96a048000 	C:\Windows\System32\SHELL32.dll
0x00007ff96a5d0000 - 0x00007ff96a676000 	C:\Windows\System32\shcore.dll
0x00007ff966e20000 - 0x00007ff967567000 	C:\Windows\System32\windows.storage.dll
0x00007ff968010000 - 0x00007ff968061000 	C:\Windows\System32\shlwapi.dll
0x00007ff966ce0000 - 0x00007ff966cf1000 	C:\Windows\System32\kernel.appcore.dll
0x00007ff966c50000 - 0x00007ff966c9c000 	C:\Windows\System32\powrprof.dll
0x00007ff966ca0000 - 0x00007ff966cbb000 	C:\Windows\System32\profapi.dll
0x00007ff966610000 - 0x00007ff966627000 	C:\Windows\SYSTEM32\CRYPTSP.dll
0x00007ff966050000 - 0x00007ff966083000 	C:\Windows\system32\rsaenh.dll
0x00007ff966720000 - 0x00007ff966745000 	C:\Windows\SYSTEM32\bcrypt.dll
0x00007ff966b80000 - 0x00007ff966ba9000 	C:\Windows\SYSTEM32\USERENV.dll
0x00007ff966630000 - 0x00007ff96663b000 	C:\Windows\SYSTEM32\CRYPTBASE.dll
0x00007ff95dec0000 - 0x00007ff95deda000 	C:\Program Files\Android\Android Studio\jre\jre\bin\net.dll
0x00007ff966450000 - 0x00007ff9664b6000 	C:\Windows\system32\mswsock.dll
0x00007ff9661e0000 - 0x00007ff966219000 	C:\Windows\SYSTEM32\IPHLPAPI.DLL
0x00007ff96a090000 - 0x00007ff96a098000 	C:\Windows\System32\NSI.dll
0x00007ff961d70000 - 0x00007ff961d86000 	C:\Windows\SYSTEM32\dhcpcsvc6.DLL
0x00007ff961ab0000 - 0x00007ff961aca000 	C:\Windows\SYSTEM32\dhcpcsvc.DLL
0x00007ff95dea0000 - 0x00007ff95deb1000 	C:\Program Files\Android\Android Studio\jre\jre\bin\nio.dll
0x00007ff9449d0000 - 0x00007ff944b98000 	C:\Windows\SYSTEM32\dbghelp.dll

VM Arguments:
jvm_args: -Djava.awt.headless=true -Xmx64M -Dfile.encoding=GBK -Duser.country=CN -Duser.language=zh -Duser.variant 
java_command: com.google.devtools.build.android.desugar.Desugar --input E:\app\MyApplication\app\build\intermediates\transforms\stackFramesFixer\debug\7.jar --output E:\app\MyApplication\app\build\intermediates\transforms\desugar\debug\9.jar --input E:\app\MyApplication\app\build\intermediates\transforms\stackFramesFixer\debug\13.jar --output E:\app\MyApplication\app\build\intermediates\transforms\desugar\debug\15.jar --input E:\app\MyApplication\app\build\intermediates\transforms\stackFramesFixer\debug\32.jar --output E:\app\MyApplication\app\build\intermediates\transforms\desugar\debug\34.jar --input E:\app\MyApplication\app\build\intermediates\transforms\stackFramesFixer\debug\18.jar --output E:\app\MyApplication\app\build\intermediates\transforms\desugar\debug\20.jar --input E:\app\MyApplication\app\build\intermediates\transforms\stackFramesFixer\debug\45.jar --output E:\app\MyApplication\app\build\intermediates\transforms\desugar\debug\47.jar --input E:\app\MyApplication\app\build\intermediates\transforms\stackFramesFixer\debug\35.jar --output E:\app\MyApplication\app\build\intermediates\transforms\desugar\debug\37.jar --input E:\app\MyApplication\app\build\intermediates\transforms\stackFramesFixer\debug\5.jar --output E:\app\MyApplication\app\build\intermediates\transforms\desugar\debug\7.jar --input E:\app\MyApplication\app\build\intermediates\transforms\stackFramesFixer\debug\55.jar --output E:\app\MyApplication\app\build\intermediates\transforms\desugar\debug\57.jar --input E:\app\MyApplication\app\build\intermediates\transforms\stackFramesFixer\debug\29.jar --output E:\app\MyApplication\app\build\intermediates\transforms\desugar\debug\31.jar --input E:\app\MyApplication\app\build\intermediates\transforms\stackFramesFixer\debug\31.jar --output E:\app\MyApplication\app\build\intermediates\transforms\desugar\debug\33.jar --input E:\app\MyApplication\app\build\intermediates\transforms\stackFramesFixer\debug\4.jar --output E:\app\MyApplication\app\build\inter
java_class_path (initial): C:\Users\Administrator\AppData\Local\Temp\desugar_deploy.jar8982586056657563436
Launcher Type: SUN_STANDARD

Environment Variables:
PATH=C:\ProgramData\Oracle\Java\javapath;C:\Windows\system32;C:\Windows;C:\Windows\System32\Wbem;C:\Windows\System32\WindowsPowerShell\v1.0\;C:\Program Files (x86)\NVIDIA Corporation\PhysX\Common;C:\Program Files\Java\jdk1.8.0_191;C:\Program Files\Java\jre1.8.0_191;C:\Users\Administrator\AppData\Local\Microsoft\WindowsApps;
USERNAME=Administrator
OS=Windows_NT
PROCESSOR_IDENTIFIER=Intel64 Family 6 Model 58 Stepping 9, GenuineIntel



---------------  S Y S T E M  ---------------

OS: Windows 10.0 , 64 bit Build 16299 (10.0.16299.431)

CPU:total 4 (4 cores per cpu, 1 threads per core) family 6 model 58 stepping 9, cmov, cx8, fxsr, mmx, sse, sse2, sse3, ssse3, sse4.1, sse4.2, popcnt, avx, aes, clmul, erms, tsc, tscinvbit, tscinv

Memory: 4k page, physical 4156916k(621800k free), swap 9924084k(2815492k free)

vm_info: OpenJDK 64-Bit Server VM (25.112-b06) for windows-amd64 JRE (1.8.0_112-release-b06), built on Dec  8 2016 00:54:26 by "builder" with MS VC++ 10.0 (VS2010)

time: Sun Dec 16 23:12:48 2018
elapsed time: 5 seconds (0d 0h 0m 5s)

